9-42 : GET /users anonymous
9-42 : GET /favicon.ico anonymous
9-42 : GET /login anonymous
9-42 : GET /users/login anonymous
9-43 : GET /users/login anonymous
9-43 : GET /users/login anonymous
9-43 : GET /users/login anonymous
9-43 : GET /users/style.css anonymous
9-44 : GET /users/login anonymous
9-44 : GET /style.css anonymous
9-44 : GET /style.css anonymous
9-44 : GET /users/login anonymous
9-44 : GET /style.css anonymous
9-46 : GET /users/login anonymous
9-46 : GET /assets/style.css anonymous
9-47 : GET /users/login anonymous
9-47 : GET /assets/style.css anonymous
9-48 : GET /users/login anonymous
9-48 : GET /assets/style.css anonymous
9-48 : GET /users/login anonymous
9-48 : GET /assets/style.css anonymous
9-48 : GET /users/login anonymous
9-48 : GET /assets/style.css anonymous
9-49 : GET /users/login anonymous
9-49 : GET /assets/style.css anonymous
9-49 : GET /assets/style.css anonymous
9-49 : GET /users/login anonymous
9-49 : GET /assets/style.css anonymous
9-49 : GET /users/login anonymous
9-49 : GET /assets/style.css anonymous
9-49 : GET /users/login anonymous
9-49 : GET /assets/style.css anonymous
9-49 : GET /users/login anonymous
9-49 : GET /assets/style.css anonymous
9-50 : GET /users/login anonymous
9-50 : GET /assets/style.css anonymous
9-50 : GET /users/login anonymous
9-50 : GET /assets/style.css anonymous
9-50 : GET /users/login anonymous
9-50 : GET /assets/style.css anonymous
9-50 : GET /users/login anonymous
9-50 : GET /assets/style.css anonymous
9-50 : GET /users/login anonymous
9-50 : GET /assets/style.css anonymous
9-50 : GET /users/login anonymous
9-50 : GET /assets/style.css anonymous
9-50 : GET /users/login anonymous
9-50 : GET /assets/style.css anonymous
9-50 : GET /users/login anonymous
9-50 : GET /assets/style.css anonymous
9-51 : GET /users/login anonymous
9-51 : GET /assets/style.css anonymous
9-52 : GET /users/login anonymous
9-52 : GET /assets/style.css anonymous
9-52 : GET /users/login anonymous
9-52 : GET /assets/style.css anonymous
9-52 : GET /users/login anonymous
9-52 : GET /assets/style.css anonymous
9-52 : GET /users/login anonymous
9-52 : GET /assets/style.css anonymous
9-52 : GET /users/login anonymous
9-52 : GET /assets/style.css anonymous
9-52 : GET /users/login anonymous
9-52 : GET /assets/style.css anonymous
9-52 : GET /users/login anonymous
9-52 : GET /assets/style.css anonymous
9-52 : GET /users/login anonymous
9-52 : GET /assets/style.css anonymous
9-52 : GET /users/login anonymous
9-52 : GET /assets/style.css anonymous
9-53 : GET /users/login anonymous
9-53 : GET /assets/style.css anonymous
9-53 : GET /users/login anonymous
9-53 : GET /assets/style.css anonymous
9-54 : GET /assets/style.css anonymous
9-54 : POST /users/login anonymous
9-54 : GET /users/login anonymous
9-54 : GET /assets/style.css anonymous
9-54 : GET /users/login anonymous
9-54 : GET /assets/style.css anonymous
9-55 : GET /users/login anonymous
9-55 : GET /assets/style.css anonymous
9-57 : GET /users/login anonymous
9-57 : GET /assets/style.css anonymous
9-57 : POST /users/login anonymous
9-57 : POST /users/login anonymous
10-1 : GET /users/login anonymous
10-1 : GET /assets/login.js anonymous
10-1 : GET /assets/style.css anonymous
10-1 : GET /assets/style.css anonymous
10-1 : GET /users/login anonymous
10-1 : GET /assets/style.css anonymous
10-1 : GET /assets/login.js anonymous
10-1 : GET /users/login anonymous
10-1 : GET /assets/style.css anonymous
10-1 : GET /assets/login.js anonymous
10-1 : GET /users/login anonymous
10-1 : GET /assets/style.css anonymous
10-1 : GET /assets/login.js anonymous
10-2 : GET /users/login anonymous
10-2 : GET /assets/style.css anonymous
10-2 : GET /assets/login.js anonymous
10-2 : GET /assets/style.css anonymous
10-3 : GET /users/login anonymous
10-3 : GET /assets/style.css anonymous
10-3 : GET /assets/login.js anonymous
10-3 : GET /users/login anonymous
10-3 : GET /assets/style.css anonymous
10-3 : GET /assets/login.js anonymous
10-4 : GET /users/login anonymous
10-4 : GET /assets/style.css anonymous
10-4 : GET /assets/login.js anonymous
10-4 : POST /users/login anonymous
10-4 : GET /users/login anonymous
10-4 : GET /assets/style.css anonymous
10-4 : GET /assets/login.js anonymous
10-4 : POST /users/login anonymous
10-5 : POST /users/login anonymous
10-5 : GET /users/login anonymous
10-5 : GET /assets/login.js anonymous
10-5 : GET /assets/style.css anonymous
10-5 : POST /users/login anonymous
10-6 : POST /users/login anonymous
10-7 : GET /users/login anonymous
10-7 : GET /assets/style.css anonymous
10-7 : GET /assets/login.js anonymous
10-7 : GET /users/login anonymous
10-7 : GET /assets/style.css anonymous
10-7 : GET /assets/login.js anonymous
10-7 : GET /users/login anonymous
10-7 : GET /assets/style.css anonymous
10-7 : GET /assets/login.js anonymous
10-9 : GET /users/login anonymous
10-9 : GET /assets/style.css anonymous
10-9 : GET /assets/login.js anonymous
10-9 : GET /users/login anonymous
10-9 : GET /assets/style.css anonymous
10-9 : GET /assets/login.js anonymous
10-10 : GET /users/login anonymous
10-10 : GET /assets/style.css anonymous
10-10 : GET /assets/login.js anonymous
10-10 : GET /users/login anonymous
10-10 : GET /assets/style.css anonymous
10-10 : GET /assets/login.js anonymous
10-11 : GET /users/login anonymous
10-11 : GET /assets/style.css anonymous
10-11 : GET /assets/login.js anonymous
10-11 : POST /users/login anonymous
10-12 : POST /users/login anonymous
10-12 : GET /users/login anonymous
10-12 : GET /assets/login.js anonymous
10-12 : GET /assets/style.css anonymous
10-12 : POST /users/login anonymous
10-12 : POST /users/login anonymous
10-12 : GET /users/login anonymous
10-12 : GET /assets/login.js anonymous
10-12 : GET /assets/style.css anonymous
10-12 : POST /users/login anonymous
10-13 : POST /users/login anonymous
10-13 : GET /users/login anonymous
10-13 : GET /assets/style.css anonymous
10-13 : GET /assets/login.js anonymous
10-13 : POST /users/login anonymous
10-13 : GET /users/login anonymous
10-13 : GET /assets/style.css anonymous
10-13 : GET /assets/login.js anonymous
10-13 : POST /users/login anonymous
10-13 : GET /users/login anonymous
10-13 : GET /assets/style.css anonymous
10-13 : GET /assets/login.js anonymous
10-13 : POST /users/login anonymous
10-14 : GET /users/login anonymous
10-14 : GET /assets/style.css anonymous
10-14 : GET /assets/login.js anonymous
10-14 : POST /users/login anonymous
10-15 : POST /users/login anonymous
11-17 : POST /users/login anonymous
11-20 : POST /users/login anonymous
11-20 : POST /users/login anonymous
11-20 : GET /assets/style.css anonymous
11-20 : POST /users/login anonymous
11-20 : POST /users/login anonymous
11-23 : POST /users/login anonymous
11-23 : GET /users/login anonymous
11-23 : GET /assets/style.css anonymous
11-23 : GET /assets/login.js anonymous
11-23 : POST /users/login anonymous
11-25 : POST /users/login anonymous
11-26 : POST /users/login anonymous
11-26 : GET /users/login anonymous
11-26 : GET /assets/style.css anonymous
11-26 : GET /assets/login.js anonymous
11-26 : POST /users/login anonymous
11-37 : GET /users/login anonymous
11-37 : GET /users/login anonymous
11-37 : GET /auth/login anonymous
11-37 : GET /assets/style.css anonymous
11-37 : GET /assets/login.js anonymous
11-38 : GET /auth/users anonymous
11-38 : GET /auth/users/list anonymous
11-38 : GET /auth/user/list anonymous
11-38 : GET /users/list anonymous
11-39 : GET /users/list 47193e6a-45e0-41dc-b9e8-bdda3cf3a270
11-45 : GET /auth/login anonymous
11-45 : GET /assets/style.css anonymous
11-45 : GET /assets/login.js anonymous
11-45 : GET /assets/style.css anonymous
11-45 : POST /auth/login anonymous
11-50 : GET /auth/login anonymous
11-50 : GET /assets/style.css anonymous
11-50 : GET /assets/login.js anonymous
11-50 : POST /auth/login anonymous
11-50 : GET /auth/login anonymous
11-50 : GET /assets/style.css anonymous
11-50 : GET /assets/login.js anonymous
11-51 : POST /auth/login anonymous
11-51 : GET /auth/login anonymous
11-51 : GET /assets/style.css anonymous
11-51 : GET /assets/login.js anonymous
11-51 : GET /auth/login anonymous
11-51 : GET /assets/style.css anonymous
11-51 : GET /assets/login.js anonymous
11-51 : GET /auth/login anonymous
11-51 : GET /assets/style.css anonymous
11-51 : GET /assets/login.js anonymous
11-51 : POST /auth/login anonymous
11-51 : GET /auth/login anonymous
11-51 : GET /assets/style.css anonymous
11-51 : GET /assets/login.js anonymous
11-51 : GET /auth/login anonymous
11-51 : GET /assets/style.css anonymous
11-51 : GET /assets/login.js anonymous
11-51 : POST /auth/login anonymous
11-52 : POST /auth/login anonymous
11-52 : GET /assets/style.css anonymous
11-53 : GET /auth/login anonymous
11-53 : GET /assets/style.css anonymous
11-53 : GET /assets/login.js anonymous
11-53 : POST /auth/login anonymous
11-53 : POST /auth/login anonymous
11-54 : GET /auth/login anonymous
11-54 : GET /assets/style.css anonymous
11-54 : GET /assets/login.js anonymous
11-54 : POST /auth/login anonymous
11-56 : POST /auth/login anonymous
11-56 : POST /auth/login anonymous
11-57 : GET /users/list anonymous
11-58 : GET /users/list anonymous
12-4 : GET /sounds/list anonymous
12-5 : GET /sounds/list anonymous
12-5 : POST /sounds/ anonymous
12-5 : GET /sounds/list anonymous
12-5 : GET /static/discord-notification-1706871931101.mp3 anonymous
12-5 : DELETE /sounds/1706871931108 anonymous
12-5 : GET /sounds/list anonymous
12-8 : GET /sounds/list anonymous
12-8 : GET /sounds/list anonymous
12-8 : GET /sounds/list anonymous
12-8 : POST /sounds/ anonymous
12-8 : GET /sounds/list anonymous
12-8 : GET /static/discord-notification-1706872126306.mp3 anonymous
12-8 : DELETE /sounds/1706872126312 anonymous
12-8 : GET /sounds/list anonymous
12-9 : POST /sounds/ anonymous
12-9 : GET /sounds/list anonymous
12-9 : GET /static/discord-notification-1706872159771.mp3 anonymous
12-9 : DELETE /sounds/1706872159777 anonymous
12-9 : GET /sounds/list anonymous
12-10 : GET /sounds/list anonymous
12-11 : POST /sounds/ anonymous
12-11 : GET /sounds/list anonymous
12-11 : GET /static/discord-notification-1706872264837.mp3 anonymous
12-11 : DELETE /sounds/1706872264847 anonymous
12-11 : DELETE /sounds/1706872264847 anonymous
12-11 : DELETE /sounds/1706872264847 anonymous
12-11 : DELETE /sounds/1706872264847 anonymous
12-11 : DELETE /sounds/1706872264847 anonymous
12-12 : GET /sounds/list anonymous
12-12 : GET /static/discord-notification-1706872264837.mp3 anonymous
12-12 : DELETE /sounds/1706872264847 anonymous
12-17 : GET /sounds/list anonymous
12-17 : GET /static/discord-notification-1706872264837.mp3 anonymous
12-17 : DELETE /sounds/1706872264847 anonymous
12-20 : GET /auth/login anonymous
12-20 : GET /assets/style.css anonymous
12-20 : GET /assets/login.js anonymous
12-20 : POST /auth/login anonymous
12-20 : GET /users/list anonymous
12-20 : GET /sounds/list anonymous
12-20 : GET /static/discord-notification-1706872264837.mp3 anonymous
12-20 : DELETE /sounds/1706872264847 anonymous
12-20 : GET /sounds/list anonymous
13-4 : GET /sounds/list anonymous
13-4 : GET /auth/login anonymous
13-4 : GET /assets/style.css anonymous
13-4 : GET /assets/login.js anonymous
13-4 : POST /auth/login anonymous
13-8 : POST /auth/login anonymous
13-8 : POST /auth/login anonymous
13-8 : GET /auth/login anonymous
13-8 : GET /assets/style.css anonymous
13-8 : GET /assets/login.js anonymous
13-16 : GET /auth/login anonymous
13-16 : GET /assets/style.css anonymous
13-16 : GET /assets/login.js anonymous
13-16 : POST /auth/login anonymous
13-17 : POST /auth/login anonymous
13-18 : POST /auth/login anonymous
13-19 : GET /auth/login anonymous
13-19 : GET /assets/style.css anonymous
13-19 : GET /assets/login.js anonymous
13-19 : POST /auth/login anonymous
13-21 : POST /auth/login anonymous
13-21 : GET /assets/style.css anonymous
13-21 : GET /assets/login.js anonymous
13-21 : GET /auth/login anonymous
13-21 : GET /assets/style.css anonymous
13-21 : GET /assets/login.js anonymous
13-21 : POST /auth/login anonymous
13-21 : GET /assets/style.css anonymous
13-21 : GET /assets/login.js anonymous
13-21 : POST /auth/login anonymous
13-22 : POST /auth/login anonymous
13-24 : GET /auth/login anonymous
13-24 : GET /assets/style.css anonymous
13-24 : GET /assets/login.js anonymous
13-24 : POST /auth/login anonymous
13-25 : GET /auth/login anonymous
13-25 : GET /assets/style.css anonymous
13-25 : GET /assets/login.js anonymous
13-25 : POST /auth/login anonymous
13-25 : POST /auth/login anonymous
13-25 : GET /sounds/list anonymous
13-26 : GET /sounds/list anonymous
13-26 : GET /sounds/list anonymous
13-26 : GET /sounds/list anonymous
13-26 : GET /sounds/list anonymous
13-26 : GET /auth/login anonymous
13-26 : POST /auth/login anonymous
13-26 : GET / anonymous
13-27 : GET /sounds/list anonymous
13-28 : GET /sounds/list anonymous
13-28 : POST /sounds/ anonymous
13-28 : GET /sounds/list anonymous
13-28 : GET /static/ta-gueule_6iavH8Q-1706876915418.mp3 anonymous
13-28 : DELETE /sounds/1706876915431 anonymous
13-28 : DELETE /sounds/1706876915431 anonymous
13-28 : DELETE /sounds/1706876915431 anonymous
13-29 : POST /sounds/ anonymous
13-29 : GET /static/ta-gueule_6iavH8Q-1706876915418.mp3 anonymous
13-29 : DELETE /sounds/1706876915431 anonymous
13-29 : GET /sounds/list anonymous
13-29 : GET /static/ta-gueule_6iavH8Q-1706876915418.mp3 anonymous
13-29 : DELETE /sounds/1706876915431 anonymous
13-29 : GET /sounds/list anonymous
13-29 : GET /users/list anonymous
13-39 : GET /users/list anonymous
13-39 : GET /auth/login anonymous
13-39 : GET /assets/style.css anonymous
13-39 : GET /assets/login.js anonymous
13-39 : POST /auth/login anonymous
13-39 : GET /users/list anonymous
13-39 : GET /users/list anonymous
13-39 : GET /users/list anonymous
13-46 : GET /auth/login anonymous
13-46 : GET /assets/style.css anonymous
13-46 : GET /assets/login.js anonymous
13-47 : GET /auth/login anonymous
13-47 : GET /assets/style.css anonymous
13-47 : GET /assets/login.js anonymous
13-47 : POST /auth/login anonymous
13-50 : GET /users/list anonymous
13-50 : PATCH /users/aa433803-d0cc-4a52-9b0f-6dd7d9a06e85 anonymous
13-50 : GET /users/list anonymous
13-50 : PATCH /users/47193e6a-45e0-41dc-b9e8-bdda3cf3a270 anonymous
13-50 : GET /users/list anonymous
13-50 : GET /auth/login anonymous
13-50 : POST /auth/login anonymous
13-50 : POST /auth/login anonymous
13-50 : GET /users/list anonymous
13-50 : GET /auth/login anonymous
13-50 : POST /auth/login anonymous
13-51 : POST /auth/login anonymous
13-51 : GET /assets/style.css anonymous
13-51 : POST /auth/login anonymous
13-51 : GET /users/list anonymous
13-51 : GET /users/list anonymous
13-51 : GET /users/list anonymous
13-51 : GET /users/list anonymous
13-51 : GET /users/list anonymous
13-51 : GET /users/list anonymous
13-51 : GET /users/list anonymous
13-51 : GET /users/list anonymous
13-51 : GET /users/list anonymous
13-52 : GET /users/list anonymous
13-52 : GET /users/list anonymous
13-52 : GET /users/list anonymous
13-52 : GET /users/list anonymous
13-52 : GET /users/list anonymous
13-53 : PATCH /users/47193e6a-45e0-41dc-b9e8-bdda3cf3a270 anonymous
13-53 : GET /users/list anonymous
13-53 : GET /users/list anonymous
13-54 : GET /users/login anonymous
13-54 : GET /auth/login anonymous
13-54 : GET /assets/style.css anonymous
13-54 : GET /assets/login.js anonymous
13-56 : GET /auth/login anonymous
13-56 : GET /assets/style.css anonymous
13-56 : GET /assets/login.js anonymous
13-56 : POST /auth/login anonymous
13-56 : GET /sounds/list anonymous
14-40 : GET /sounds/list anonymous
14-40 : GET /sounds/list anonymous
14-40 : GET /sounds/list anonymous
14-40 : GET /sounds/list anonymous
14-40 : GET /sounds/list anonymous
14-40 : GET /sounds/list anonymous
14-40 : GET /sounds/list anonymous
14-41 : GET /sounds/list anonymous
14-41 : GET /sounds/list anonymous
14-41 : GET /sounds/list anonymous
14-41 : GET /sounds/list anonymous
14-41 : GET /sounds/list anonymous
14-41 : GET /sounds/list anonymous
14-41 : GET /sounds/list anonymous
14-41 : GET /sounds/list anonymous
14-41 : GET /sounds/list anonymous
14-41 : GET /sounds/list anonymous
14-41 : GET /sounds/list anonymous
14-41 : GET /sounds/list anonymous
14-41 : GET /sounds/list anonymous
14-41 : GET /sounds/list anonymous
14-41 : GET /sounds/list anonymous
14-41 : GET /sounds/list anonymous
14-41 : GET /sounds/list anonymous
14-41 : GET /sounds/list anonymous
14-41 : GET /sounds/list anonymous
14-41 : GET /sounds/list anonymous
14-41 : GET /sounds/list anonymous
14-41 : GET /sounds/list anonymous
14-41 : GET /sounds/list anonymous
14-41 : GET /sounds/list anonymous
14-41 : GET /sounds/list anonymous
14-41 : GET /sounds/list anonymous
14-41 : GET /sounds/list anonymous
14-41 : GET /sounds/list anonymous
14-41 : GET /sounds/list anonymous
14-41 : GET /sounds/list anonymous
14-41 : GET /sounds/list anonymous
14-41 : GET /sounds/list anonymous
14-41 : GET /sounds/list anonymous
14-42 : GET /sounds/list anonymous
14-45 : GET /auth/login anonymous
14-45 : GET /assets/style.css anonymous
14-45 : GET /assets/login.js anonymous
14-45 : POST /auth/login anonymous
14-45 : POST /auth/login anonymous
14-45 : POST /auth/login anonymous
14-45 : POST /auth/login anonymous
14-45 : POST /auth/login anonymous
14-45 : POST /auth/login anonymous
14-45 : POST /auth/login anonymous
14-45 : POST /auth/login anonymous
14-45 : POST /auth/login anonymous
14-45 : POST /auth/login anonymous
14-45 : POST /auth/login anonymous
14-45 : POST /auth/login anonymous
14-45 : POST /auth/login anonymous
14-45 : POST /auth/login anonymous
14-45 : GET /assets/style.css anonymous
14-45 : POST /auth/login anonymous
14-45 : POST /auth/login anonymous
14-46 : POST /auth/login anonymous
14-46 : POST /auth/login anonymous
14-46 : POST /auth/login anonymous
14-46 : POST /auth/login anonymous
14-46 : POST /auth/login anonymous
14-46 : POST /auth/login anonymous
14-46 : POST /auth/login anonymous
14-46 : POST /auth/login anonymous
14-46 : POST /auth/login anonymous
