14-14 : GET / anonymous
14-14 : GET /favicon.ico anonymous
14-14 : GET /users anonymous
14-15 : GET /soundboard anonymous
14-15 : GET /sound! anonymous
14-15 : GET /sound anonymous
14-15 : GET /sounds anonymous
14-15 : GET /sounds 1
14-16 : GET /users/list anonymous
14-16 : PATCH /users/3 anonymous
14-16 : GET /users/list anonymous
14-16 : PATCH /users/4 anonymous
14-16 : GET /users/list anonymous
14-16 : PATCH /users/5 anonymous
14-16 : GET /users/list anonymous
14-16 : PATCH /users/6 anonymous
14-16 : GET /users/list anonymous
14-17 : GET /users anonymous
14-22 : GET / anonymous
14-22 : GET / anonymous
14-22 : PATCH /users/9 anonymous
14-22 : GET /users/list anonymous
14-22 : PATCH /users/7 anonymous
14-22 : GET /users/list anonymous
14-23 : GET / anonymous
14-23 : GET / anonymous
14-23 : GET / anonymous
14-23 : GET / anonymous
14-23 : GET / anonymous
14-23 : GET / anonymous
14-23 : GET / anonymous
14-23 : GET / anonymous
14-23 : GET / anonymous
14-23 : GET / anonymous
14-23 : GET / anonymous
14-23 : GET / anonymous
14-23 : GET / anonymous
14-23 : GET / anonymous
14-23 : GET / anonymous
14-23 : GET / anonymous
14-23 : GET / anonymous
14-23 : GET / anonymous
14-23 : GET / anonymous
14-23 : GET / anonymous
14-23 : GET / anonymous
14-23 : GET / anonymous
14-23 : GET /cacaboudin anonymous
14-23 : GET /cacaboudin anonymous
14-23 : GET /cacaboudin anonymous
14-23 : GET /cacaboudin anonymous
14-23 : GET /cacaboudin anonymous
14-23 : GET /cacaboudin anonymous
14-23 : GET /cacaboudin anonymous
14-23 : GET /cacaboudin anonymous
14-23 : GET /cacaboudin anonymous
14-23 : GET /cacaboudin anonymous
14-23 : GET /cacaboudin anonymous
14-23 : GET /cacaboudin anonymous
14-23 : GET /cacaboudin anonymous
14-23 : GET /sounds/list anonymous
14-23 : GET /static/Darude%20Sandstorm%20Shittyflute.mp3 anonymous
14-23 : GET /static/Darude%20Sandstorm%20Shittyflute.mp3 anonymous
14-24 : POST /sounds/ anonymous
14-24 : GET /sounds/list anonymous
14-24 : GET /static/kyuukurarin.mp4 anonymous
14-24 : GET /static/Darude%20Sandstorm%20Shittyflute.mp3 anonymous
14-24 : GET /static/Darude%20Sandstorm%20Shittyflute.mp3 anonymous
14-24 : GET /static/kyuukurarin.mp4 anonymous
14-24 : GET /static/kyuukurarin.mp4 anonymous
14-24 : GET /static/kyuukurarin.mp4 anonymous
14-24 : GET /static/kyuukurarin.mp4 anonymous
14-24 : GET /static/kyuukurarin.mp4 anonymous
14-24 : GET /static/kyuukurarin.mp4 anonymous
14-24 : GET /static/kyuukurarin.mp4 anonymous
14-24 : GET /static/kyuukurarin.mp4 anonymous
14-24 : GET /static/kyuukurarin.mp4 anonymous
14-24 : GET /static/kyuukurarin.mp4 anonymous
14-24 : GET /static/kyuukurarin.mp4 anonymous
14-24 : GET /static/kyuukurarin.mp4 anonymous
14-24 : GET /static/kyuukurarin.mp4 anonymous
14-24 : GET /static/kyuukurarin.mp4 anonymous
14-24 : GET /static/kyuukurarin.mp4 anonymous
14-24 : GET /static/kyuukurarin.mp4 anonymous
14-24 : GET /static/kyuukurarin.mp4 anonymous
14-24 : GET /static/kyuukurarin.mp4 anonymous
14-24 : GET /static/kyuukurarin.mp4 anonymous
14-24 : GET /static/kyuukurarin.mp4 anonymous
14-24 : GET /static/kyuukurarin.mp4 anonymous
14-24 : GET /static/kyuukurarin.mp4 anonymous
14-24 : GET /static/kyuukurarin.mp4 anonymous
14-24 : GET /static/kyuukurarin.mp4 anonymous
14-24 : GET /static/kyuukurarin.mp4 anonymous
14-24 : GET /static/kyuukurarin.mp4 anonymous
15-57 : OPTIONS /sounds/1706539093416 anonymous
15-57 : OPTIONS /sounds/1706539093416 anonymous
15-57 : OPTIONS /sounds/1706539093416 anonymous
15-57 : OPTIONS /sounds/1706539247175 anonymous
15-57 : OPTIONS /sounds/1706539247175 anonymous
15-57 : OPTIONS /sounds/1706539247175 anonymous
15-57 : OPTIONS /sounds/42 anonymous
15-57 : OPTIONS /sounds/42 anonymous
15-57 : OPTIONS /sounds/42 anonymous
15-57 : OPTIONS /sounds/42 anonymous
15-57 : OPTIONS /sounds/42 anonymous
15-57 : OPTIONS /sounds/42 anonymous
15-57 : OPTIONS /sounds/42 anonymous
15-57 : OPTIONS /sounds/1706103444601 anonymous
15-57 : OPTIONS /sounds/42 anonymous
15-57 : OPTIONS /sounds/1706539072981 anonymous
15-57 : OPTIONS /sounds/42 anonymous
15-57 : OPTIONS /sounds/1706539093416 anonymous
15-57 : OPTIONS /sounds/1706539093416 anonymous
15-57 : OPTIONS /sounds/1706539093416 anonymous
15-57 : OPTIONS /sounds/1706539093416 anonymous
15-57 : OPTIONS /sounds/1706539093416 anonymous
15-57 : OPTIONS /sounds/1706539093416 anonymous
15-57 : OPTIONS /sounds/1706539072981 anonymous
15-57 : OPTIONS /sounds/1706104740075 anonymous
15-57 : OPTIONS /sounds/1706104740075 anonymous
15-57 : OPTIONS /sounds/1706539072981 anonymous
15-57 : OPTIONS /sounds/1706539072981 anonymous
15-57 : OPTIONS /sounds/1706539072981 anonymous
15-57 : OPTIONS /sounds/1706539093416 anonymous
15-57 : OPTIONS /sounds/1706539093416 anonymous
15-57 : OPTIONS /sounds/1706539093416 anonymous
15-57 : GET / anonymous
15-57 : GET /sounds/list anonymous
15-57 : GET /static/kyuukurarin.mp4 anonymous
15-57 : GET /static/Darude%20Sandstorm%20Shittyflute.mp3 anonymous
15-57 : GET /static/Darude%20Sandstorm%20Shittyflute.mp3 anonymous
15-58 : POST /sounds/ anonymous
15-58 : GET /sounds/list anonymous
15-58 : GET /static/poulette.mp3 anonymous
15-58 : GET /static/Darude%20Sandstorm%20Shittyflute.mp3 anonymous
15-58 : GET /static/kyuukurarin.mp4 anonymous
15-58 : GET /static/Darude%20Sandstorm%20Shittyflute.mp3 anonymous
16-1 : POST /sounds/ anonymous
16-2 : GET /static/poulette.mp3 anonymous
16-3 : POST /sounds/ anonymous
16-3 : GET /static/poulette.mp3 anonymous
16-3 : POST /sounds/ anonymous
16-4 : POST /sounds/ anonymous
16-8 : GET /sounds/list anonymous
16-8 : GET /static/kyuukurarin.mp4 anonymous
16-8 : GET /static/kyuukurarin.mp4 anonymous
16-8 : GET /static/kyuukurarin.mp4 anonymous
16-8 : GET /static/kyuukurarin.mp4 anonymous
16-8 : GET /static/kyuukurarin.mp4 anonymous
16-8 : GET /static/kyuukurarin.mp4 anonymous
16-8 : GET /static/kyuukurarin.mp4 anonymous
16-8 : GET /static/kyuukurarin.mp4 anonymous
16-8 : GET /static/kyuukurarin.mp4 anonymous
16-8 : GET /static/kyuukurarin.mp4 anonymous
16-8 : GET /static/kyuukurarin.mp4 anonymous
16-8 : GET /static/kyuukurarin.mp4 anonymous
16-8 : GET /static/kyuukurarin.mp4 anonymous
16-8 : GET /static/kyuukurarin.mp4 anonymous
16-8 : GET /static/kyuukurarin.mp4 anonymous
16-8 : GET /static/kyuukurarin.mp4 anonymous
16-8 : GET /static/kyuukurarin.mp4 anonymous
16-8 : GET /static/kyuukurarin.mp4 anonymous
16-8 : GET /static/kyuukurarin.mp4 anonymous
16-8 : GET /static/kyuukurarin.mp4 anonymous
16-8 : GET /static/kyuukurarin.mp4 anonymous
16-8 : GET /static/kyuukurarin.mp4 anonymous
16-8 : GET /static/kyuukurarin.mp4 anonymous
16-8 : GET /static/kyuukurarin.mp4 anonymous
16-8 : GET /static/kyuukurarin.mp4 anonymous
16-8 : GET /static/kyuukurarin.mp4 anonymous
16-8 : GET /static/kyuukurarin.mp4 anonymous
16-8 : GET /static/kyuukurarin.mp4 anonymous
16-8 : GET /static/kyuukurarin.mp4 anonymous
16-8 : GET /static/kyuukurarin.mp4 anonymous
16-8 : GET /static/kyuukurarin.mp4 anonymous
16-8 : GET /static/kyuukurarin.mp4 anonymous
16-8 : GET /static/kyuukurarin.mp4 anonymous
16-8 : GET /static/kyuukurarin.mp4 anonymous
16-8 : GET /static/kyuukurarin.mp4 anonymous
16-8 : GET /static/kyuukurarin.mp4 anonymous
16-8 : GET /static/kyuukurarin.mp4 anonymous
16-8 : GET /static/kyuukurarin.mp4 anonymous
16-8 : GET /static/kyuukurarin.mp4 anonymous
16-8 : POST /sounds/ anonymous
16-8 : GET /sounds/list anonymous
16-8 : GET /static/Darude%20Sandstorm%20Shittyflute.mp3 anonymous
16-8 : GET /static/maro-jump-sound-effect_1.mp3 anonymous
16-8 : GET /static/Darude%20Sandstorm%20Shittyflute.mp3 anonymous
16-8 : GET /static/poulette.mp3 anonymous
16-8 : GET /static/kyuukurarin.mp4 anonymous
16-8 : GET /static/kyuukurarin.mp4 anonymous
16-8 : GET /static/kyuukurarin.mp4 anonymous
16-8 : GET /static/kyuukurarin.mp4 anonymous
16-8 : GET /static/kyuukurarin.mp4 anonymous
16-8 : GET /static/kyuukurarin.mp4 anonymous
16-8 : GET /static/kyuukurarin.mp4 anonymous
16-8 : GET /static/kyuukurarin.mp4 anonymous
16-8 : GET /static/kyuukurarin.mp4 anonymous
16-8 : GET /static/kyuukurarin.mp4 anonymous
16-8 : GET /static/kyuukurarin.mp4 anonymous
16-8 : GET /static/kyuukurarin.mp4 anonymous
16-8 : GET /static/kyuukurarin.mp4 anonymous
16-8 : GET /static/kyuukurarin.mp4 anonymous
16-8 : GET /static/kyuukurarin.mp4 anonymous
16-8 : GET /static/kyuukurarin.mp4 anonymous
16-8 : GET /static/kyuukurarin.mp4 anonymous
16-8 : GET /static/kyuukurarin.mp4 anonymous
16-8 : GET /static/kyuukurarin.mp4 anonymous
16-8 : GET /static/kyuukurarin.mp4 anonymous
16-8 : GET /static/kyuukurarin.mp4 anonymous
16-8 : GET /static/kyuukurarin.mp4 anonymous
16-8 : GET /static/kyuukurarin.mp4 anonymous
16-8 : GET /static/kyuukurarin.mp4 anonymous
16-8 : GET /static/kyuukurarin.mp4 anonymous
16-8 : GET /static/kyuukurarin.mp4 anonymous
16-8 : GET /static/kyuukurarin.mp4 anonymous
16-8 : GET /static/kyuukurarin.mp4 anonymous
16-8 : GET /static/kyuukurarin.mp4 anonymous
16-8 : GET /static/kyuukurarin.mp4 anonymous
16-8 : GET /static/kyuukurarin.mp4 anonymous
16-8 : GET /static/kyuukurarin.mp4 anonymous
16-8 : GET /static/kyuukurarin.mp4 anonymous
16-8 : GET /static/kyuukurarin.mp4 anonymous
16-8 : GET /static/kyuukurarin.mp4 anonymous
16-8 : GET /static/kyuukurarin.mp4 anonymous
16-8 : GET /static/kyuukurarin.mp4 anonymous
16-8 : GET /static/kyuukurarin.mp4 anonymous
16-9 : POST /sounds/ anonymous
16-9 : GET /static/maro-jump-sound-effect_1.mp3 anonymous
16-9 : GET /static/kyuukurarin.mp4 anonymous
16-9 : GET /static/kyuukurarin.mp4 anonymous
16-9 : GET /static/kyuukurarin.mp4 anonymous
16-9 : GET /static/kyuukurarin.mp4 anonymous
16-9 : GET /static/kyuukurarin.mp4 anonymous
16-9 : GET /static/kyuukurarin.mp4 anonymous
16-9 : GET /static/kyuukurarin.mp4 anonymous
16-9 : GET /static/kyuukurarin.mp4 anonymous
16-9 : GET /static/kyuukurarin.mp4 anonymous
16-9 : GET /static/kyuukurarin.mp4 anonymous
16-9 : GET /static/kyuukurarin.mp4 anonymous
16-9 : GET /static/kyuukurarin.mp4 anonymous
16-9 : GET /static/kyuukurarin.mp4 anonymous
16-9 : GET /static/kyuukurarin.mp4 anonymous
16-9 : GET /static/kyuukurarin.mp4 anonymous
16-9 : GET /static/kyuukurarin.mp4 anonymous
16-9 : GET /static/kyuukurarin.mp4 anonymous
16-9 : GET /static/kyuukurarin.mp4 anonymous
16-9 : GET /static/kyuukurarin.mp4 anonymous
16-9 : GET /static/kyuukurarin.mp4 anonymous
16-9 : GET /static/kyuukurarin.mp4 anonymous
16-9 : GET /static/kyuukurarin.mp4 anonymous
16-9 : GET /static/kyuukurarin.mp4 anonymous
16-9 : GET /static/kyuukurarin.mp4 anonymous
16-16 : GET /static/kyuukurarin.mp4 anonymous
16-16 : GET /static/maro-jump-sound-effect_1.mp3 anonymous
16-16 : GET /static/kyuukurarin.mp4 anonymous
16-16 : GET /static/kyuukurarin.mp4 anonymous
16-16 : GET /static/kyuukurarin.mp4 anonymous
16-16 : GET /static/kyuukurarin.mp4 anonymous
16-16 : GET /static/kyuukurarin.mp4 anonymous
16-16 : GET /static/kyuukurarin.mp4 anonymous
16-16 : GET /static/kyuukurarin.mp4 anonymous
16-16 : GET /static/kyuukurarin.mp4 anonymous
16-16 : GET /static/kyuukurarin.mp4 anonymous
16-16 : GET /static/kyuukurarin.mp4 anonymous
16-16 : GET /static/kyuukurarin.mp4 anonymous
16-16 : GET /static/kyuukurarin.mp4 anonymous
16-16 : GET /static/kyuukurarin.mp4 anonymous
16-16 : GET /static/kyuukurarin.mp4 anonymous
16-16 : GET /static/kyuukurarin.mp4 anonymous
16-16 : GET /static/kyuukurarin.mp4 anonymous
16-16 : GET /static/kyuukurarin.mp4 anonymous
16-16 : GET /static/kyuukurarin.mp4 anonymous
16-16 : GET /static/kyuukurarin.mp4 anonymous
16-16 : GET /static/kyuukurarin.mp4 anonymous
16-16 : GET /static/kyuukurarin.mp4 anonymous
16-16 : GET /static/kyuukurarin.mp4 anonymous
16-16 : GET /static/kyuukurarin.mp4 anonymous
16-16 : GET /static/kyuukurarin.mp4 anonymous
16-16 : GET /static/kyuukurarin.mp4 anonymous
16-16 : GET /static/kyuukurarin.mp4 anonymous
16-16 : GET /static/kyuukurarin.mp4 anonymous
16-16 : GET /static/kyuukurarin.mp4 anonymous
16-16 : GET /static/kyuukurarin.mp4 anonymous
16-16 : GET /static/kyuukurarin.mp4 anonymous
16-16 : GET /static/kyuukurarin.mp4 anonymous
16-16 : GET /static/kyuukurarin.mp4 anonymous
16-16 : GET /static/kyuukurarin.mp4 anonymous
16-16 : GET /sounds/list anonymous
16-16 : GET /static/Darude%20Sandstorm%20Shittyflute.mp3 anonymous
16-16 : GET /static/Darude%20Sandstorm%20Shittyflute.mp3 anonymous
16-16 : GET /static/poulette.mp3 anonymous
16-16 : GET /static/maro-jump-sound-effect_1.mp3 anonymous
16-16 : GET /static/kyuukurarin.mp4 anonymous
16-16 : GET /static/kyuukurarin.mp4 anonymous
16-16 : GET /static/kyuukurarin.mp4 anonymous
16-16 : GET /static/kyuukurarin.mp4 anonymous
16-16 : GET /static/kyuukurarin.mp4 anonymous
16-16 : GET /static/kyuukurarin.mp4 anonymous
16-16 : GET /static/kyuukurarin.mp4 anonymous
16-16 : GET /static/kyuukurarin.mp4 anonymous
16-16 : GET /static/kyuukurarin.mp4 anonymous
16-16 : GET /static/kyuukurarin.mp4 anonymous
16-16 : GET /static/kyuukurarin.mp4 anonymous
16-16 : GET /static/kyuukurarin.mp4 anonymous
16-16 : GET /static/kyuukurarin.mp4 anonymous
16-16 : GET /static/kyuukurarin.mp4 anonymous
16-16 : GET /static/kyuukurarin.mp4 anonymous
16-16 : GET /static/kyuukurarin.mp4 anonymous
16-16 : GET /static/kyuukurarin.mp4 anonymous
16-16 : GET /static/kyuukurarin.mp4 anonymous
16-16 : GET /static/kyuukurarin.mp4 anonymous
16-16 : GET /static/kyuukurarin.mp4 anonymous
16-16 : GET /static/kyuukurarin.mp4 anonymous
16-16 : GET /static/kyuukurarin.mp4 anonymous
16-16 : GET /static/kyuukurarin.mp4 anonymous
16-16 : GET /static/kyuukurarin.mp4 anonymous
16-16 : GET /static/kyuukurarin.mp4 anonymous
16-16 : GET /static/kyuukurarin.mp4 anonymous
16-16 : GET /static/kyuukurarin.mp4 anonymous
16-16 : GET /static/kyuukurarin.mp4 anonymous
16-16 : GET /static/kyuukurarin.mp4 anonymous
16-16 : GET /static/kyuukurarin.mp4 anonymous
16-16 : GET /static/kyuukurarin.mp4 anonymous
16-16 : GET /static/kyuukurarin.mp4 anonymous
16-16 : GET /static/kyuukurarin.mp4 anonymous
16-16 : GET /static/kyuukurarin.mp4 anonymous
16-16 : GET /static/kyuukurarin.mp4 anonymous
16-16 : GET /static/kyuukurarin.mp4 anonymous
16-16 : GET /static/kyuukurarin.mp4 anonymous
16-16 : GET /static/kyuukurarin.mp4 anonymous
16-16 : GET /static/kyuukurarin.mp4 anonymous
16-16 : GET /static/kyuukurarin.mp4 anonymous
16-16 : GET /static/kyuukurarin.mp4 anonymous
16-16 : GET /static/kyuukurarin.mp4 anonymous
16-16 : GET /static/kyuukurarin.mp4 anonymous
16-16 : GET /static/kyuukurarin.mp4 anonymous
16-16 : GET /static/kyuukurarin.mp4 anonymous
16-16 : GET /sounds/list anonymous
16-16 : GET /static/Darude%20Sandstorm%20Shittyflute.mp3 anonymous
16-16 : GET /static/poulette.mp3 anonymous
16-16 : GET /static/maro-jump-sound-effect_1.mp3 anonymous
16-16 : GET /static/Darude%20Sandstorm%20Shittyflute.mp3 anonymous
16-16 : GET /static/kyuukurarin.mp4 anonymous
16-16 : GET /static/kyuukurarin.mp4 anonymous
16-16 : GET /static/kyuukurarin.mp4 anonymous
16-16 : GET /static/kyuukurarin.mp4 anonymous
16-16 : GET /static/kyuukurarin.mp4 anonymous
16-16 : GET /static/kyuukurarin.mp4 anonymous
16-16 : GET /static/kyuukurarin.mp4 anonymous
16-16 : GET /static/kyuukurarin.mp4 anonymous
16-16 : GET /static/kyuukurarin.mp4 anonymous
16-16 : GET /static/kyuukurarin.mp4 anonymous
16-16 : GET /static/kyuukurarin.mp4 anonymous
16-16 : GET /static/kyuukurarin.mp4 anonymous
16-16 : GET /static/kyuukurarin.mp4 anonymous
16-16 : GET /static/kyuukurarin.mp4 anonymous
16-16 : GET /static/kyuukurarin.mp4 anonymous
16-16 : GET /static/kyuukurarin.mp4 anonymous
16-16 : GET /static/kyuukurarin.mp4 anonymous
16-16 : GET /static/kyuukurarin.mp4 anonymous
16-16 : GET /static/kyuukurarin.mp4 anonymous
16-16 : GET /static/kyuukurarin.mp4 anonymous
16-16 : GET /static/kyuukurarin.mp4 anonymous
16-16 : GET /static/kyuukurarin.mp4 anonymous
16-16 : GET /static/kyuukurarin.mp4 anonymous
16-16 : GET /static/kyuukurarin.mp4 anonymous
16-16 : GET /static/kyuukurarin.mp4 anonymous
16-16 : GET /static/kyuukurarin.mp4 anonymous
16-16 : GET /static/kyuukurarin.mp4 anonymous
16-16 : GET /static/kyuukurarin.mp4 anonymous
16-16 : GET /static/kyuukurarin.mp4 anonymous
16-16 : GET /static/kyuukurarin.mp4 anonymous
16-16 : GET /static/kyuukurarin.mp4 anonymous
16-16 : GET /static/kyuukurarin.mp4 anonymous
16-16 : GET /static/kyuukurarin.mp4 anonymous
16-16 : GET /static/kyuukurarin.mp4 anonymous
16-16 : GET /static/kyuukurarin.mp4 anonymous
16-16 : GET /static/kyuukurarin.mp4 anonymous
16-16 : GET /static/kyuukurarin.mp4 anonymous
16-16 : GET /static/kyuukurarin.mp4 anonymous
16-16 : GET /static/kyuukurarin.mp4 anonymous
16-16 : GET /static/kyuukurarin.mp4 anonymous
16-16 : GET /static/kyuukurarin.mp4 anonymous
16-17 : GET /sounds/list anonymous
16-17 : GET /static/Darude%20Sandstorm%20Shittyflute.mp3 anonymous
16-17 : GET /static/poulette.mp3 anonymous
16-17 : GET /static/maro-jump-sound-effect_1.mp3 anonymous
16-17 : GET /static/Darude%20Sandstorm%20Shittyflute.mp3 anonymous
16-17 : GET /static/kyuukurarin.mp4 anonymous
16-17 : GET /static/kyuukurarin.mp4 anonymous
16-17 : GET /static/kyuukurarin.mp4 anonymous
16-17 : GET /static/kyuukurarin.mp4 anonymous
16-17 : GET /static/kyuukurarin.mp4 anonymous
16-17 : GET /static/kyuukurarin.mp4 anonymous
16-17 : GET /static/kyuukurarin.mp4 anonymous
16-17 : GET /static/kyuukurarin.mp4 anonymous
16-17 : GET /static/kyuukurarin.mp4 anonymous
16-17 : GET /static/kyuukurarin.mp4 anonymous
16-17 : GET /static/kyuukurarin.mp4 anonymous
16-17 : GET /static/kyuukurarin.mp4 anonymous
16-17 : GET /static/kyuukurarin.mp4 anonymous
16-17 : GET /static/kyuukurarin.mp4 anonymous
16-17 : GET /static/kyuukurarin.mp4 anonymous
16-17 : GET /static/kyuukurarin.mp4 anonymous
16-17 : GET /static/kyuukurarin.mp4 anonymous
16-17 : GET /static/kyuukurarin.mp4 anonymous
16-17 : GET /static/kyuukurarin.mp4 anonymous
16-17 : GET /static/kyuukurarin.mp4 anonymous
16-17 : GET /static/kyuukurarin.mp4 anonymous
16-17 : GET /static/kyuukurarin.mp4 anonymous
16-17 : GET /static/kyuukurarin.mp4 anonymous
16-17 : GET /static/kyuukurarin.mp4 anonymous
16-17 : GET /static/kyuukurarin.mp4 anonymous
16-17 : GET /static/kyuukurarin.mp4 anonymous
16-17 : GET /static/kyuukurarin.mp4 anonymous
16-17 : GET /static/kyuukurarin.mp4 anonymous
16-17 : GET /static/kyuukurarin.mp4 anonymous
16-17 : GET /static/kyuukurarin.mp4 anonymous
16-17 : GET /static/kyuukurarin.mp4 anonymous
16-17 : GET /static/kyuukurarin.mp4 anonymous
16-17 : GET /static/kyuukurarin.mp4 anonymous
16-17 : GET /static/kyuukurarin.mp4 anonymous
16-17 : GET /static/kyuukurarin.mp4 anonymous
16-17 : GET /static/kyuukurarin.mp4 anonymous
16-17 : GET /static/kyuukurarin.mp4 anonymous
16-17 : GET /static/kyuukurarin.mp4 anonymous
16-17 : GET /static/kyuukurarin.mp4 anonymous
16-17 : GET /static/kyuukurarin.mp4 anonymous
16-17 : GET /static/kyuukurarin.mp4 anonymous
16-17 : GET /static/kyuukurarin.mp4 anonymous
16-17 : GET /static/kyuukurarin.mp4 anonymous
16-17 : GET /static/kyuukurarin.mp4 anonymous
16-17 : GET /static/kyuukurarin.mp4 anonymous
16-17 : GET /static/kyuukurarin.mp4 anonymous
16-17 : GET /sounds/list anonymous
16-17 : GET /static/Darude%20Sandstorm%20Shittyflute.mp3 anonymous
16-17 : GET /static/poulette.mp3 anonymous
16-17 : GET /static/maro-jump-sound-effect_1.mp3 anonymous
16-17 : GET /static/Darude%20Sandstorm%20Shittyflute.mp3 anonymous
16-17 : GET /static/kyuukurarin.mp4 anonymous
16-17 : GET /static/kyuukurarin.mp4 anonymous
16-17 : GET /static/kyuukurarin.mp4 anonymous
16-17 : GET /static/kyuukurarin.mp4 anonymous
16-17 : GET /static/kyuukurarin.mp4 anonymous
16-17 : GET /static/kyuukurarin.mp4 anonymous
16-17 : GET /static/kyuukurarin.mp4 anonymous
16-17 : GET /static/kyuukurarin.mp4 anonymous
16-17 : GET /static/kyuukurarin.mp4 anonymous
16-17 : GET /static/kyuukurarin.mp4 anonymous
16-17 : GET /static/kyuukurarin.mp4 anonymous
16-17 : GET /static/kyuukurarin.mp4 anonymous
16-17 : GET /static/kyuukurarin.mp4 anonymous
16-17 : GET /static/kyuukurarin.mp4 anonymous
16-17 : GET /static/kyuukurarin.mp4 anonymous
16-17 : GET /static/kyuukurarin.mp4 anonymous
16-17 : GET /static/kyuukurarin.mp4 anonymous
16-17 : GET /static/kyuukurarin.mp4 anonymous
16-17 : GET /static/kyuukurarin.mp4 anonymous
16-17 : GET /static/kyuukurarin.mp4 anonymous
16-17 : GET /static/kyuukurarin.mp4 anonymous
16-17 : GET /static/kyuukurarin.mp4 anonymous
16-17 : GET /static/kyuukurarin.mp4 anonymous
16-17 : GET /static/kyuukurarin.mp4 anonymous
16-17 : GET /static/kyuukurarin.mp4 anonymous
16-17 : GET /static/kyuukurarin.mp4 anonymous
16-17 : GET /static/kyuukurarin.mp4 anonymous
16-17 : GET /static/kyuukurarin.mp4 anonymous
16-17 : GET /static/kyuukurarin.mp4 anonymous
16-17 : GET /static/kyuukurarin.mp4 anonymous
16-17 : GET /static/kyuukurarin.mp4 anonymous
16-17 : GET /static/kyuukurarin.mp4 anonymous
16-17 : GET /static/kyuukurarin.mp4 anonymous
16-17 : GET /static/kyuukurarin.mp4 anonymous
16-17 : GET /static/kyuukurarin.mp4 anonymous
16-17 : GET /static/kyuukurarin.mp4 anonymous
16-17 : GET /static/kyuukurarin.mp4 anonymous
16-17 : GET /static/kyuukurarin.mp4 anonymous
16-17 : GET /static/kyuukurarin.mp4 anonymous
16-17 : GET /static/kyuukurarin.mp4 anonymous
16-17 : GET /static/kyuukurarin.mp4 anonymous
16-17 : GET /static/kyuukurarin.mp4 anonymous
16-17 : POST /sounds/ anonymous
16-17 : GET /static/kyuukurarin.mp4 anonymous
16-17 : GET /static/kyuukurarin.mp4 anonymous
16-17 : GET /static/kyuukurarin.mp4 anonymous
16-17 : GET /static/kyuukurarin.mp4 anonymous
16-17 : GET /static/kyuukurarin.mp4 anonymous
16-17 : GET /static/kyuukurarin.mp4 anonymous
16-17 : GET /static/kyuukurarin.mp4 anonymous
16-17 : GET /static/kyuukurarin.mp4 anonymous
16-17 : GET /static/kyuukurarin.mp4 anonymous
16-17 : POST /sounds/ anonymous
16-17 : GET /static/kyuukurarin.mp4 anonymous
16-17 : GET /static/kyuukurarin.mp4 anonymous
16-17 : GET /static/kyuukurarin.mp4 anonymous
16-17 : GET /static/kyuukurarin.mp4 anonymous
16-17 : GET /static/kyuukurarin.mp4 anonymous
16-17 : GET /static/kyuukurarin.mp4 anonymous
16-17 : GET /static/kyuukurarin.mp4 anonymous
16-17 : GET /sounds/list anonymous
16-17 : GET /static/Darude%20Sandstorm%20Shittyflute.mp3 anonymous
16-17 : GET /static/poulette.mp3 anonymous
16-17 : GET /static/maro-jump-sound-effect_1.mp3 anonymous
16-17 : GET /static/Darude%20Sandstorm%20Shittyflute.mp3 anonymous
16-17 : GET /static/kyuukurarin.mp4 anonymous
16-17 : GET /static/kyuukurarin.mp4 anonymous
16-17 : GET /static/kyuukurarin.mp4 anonymous
16-17 : GET /static/kyuukurarin.mp4 anonymous
16-17 : GET /static/kyuukurarin.mp4 anonymous
16-17 : GET /static/kyuukurarin.mp4 anonymous
16-17 : GET /static/kyuukurarin.mp4 anonymous
16-17 : GET /static/kyuukurarin.mp4 anonymous
16-17 : GET /static/kyuukurarin.mp4 anonymous
16-17 : GET /static/kyuukurarin.mp4 anonymous
16-17 : GET /static/kyuukurarin.mp4 anonymous
16-17 : GET /static/kyuukurarin.mp4 anonymous
16-17 : GET /static/kyuukurarin.mp4 anonymous
16-17 : GET /static/kyuukurarin.mp4 anonymous
16-17 : GET /static/kyuukurarin.mp4 anonymous
16-17 : GET /static/kyuukurarin.mp4 anonymous
16-17 : GET /static/kyuukurarin.mp4 anonymous
16-17 : GET /static/kyuukurarin.mp4 anonymous
16-17 : GET /static/kyuukurarin.mp4 anonymous
16-17 : GET /static/kyuukurarin.mp4 anonymous
16-17 : GET /static/kyuukurarin.mp4 anonymous
16-17 : GET /static/kyuukurarin.mp4 anonymous
16-17 : GET /static/kyuukurarin.mp4 anonymous
16-17 : GET /static/kyuukurarin.mp4 anonymous
16-17 : GET /static/kyuukurarin.mp4 anonymous
16-17 : GET /static/kyuukurarin.mp4 anonymous
16-17 : GET /static/kyuukurarin.mp4 anonymous
16-18 : POST /sounds/ anonymous
16-18 : GET /static/poulette.mp3 anonymous
16-18 : GET /static/maro-jump-sound-effect_1.mp3 anonymous
16-18 : GET /static/kyuukurarin.mp4 anonymous
16-18 : GET /static/kyuukurarin.mp4 anonymous
16-18 : GET /static/kyuukurarin.mp4 anonymous
16-18 : GET /static/kyuukurarin.mp4 anonymous
16-18 : GET /static/kyuukurarin.mp4 anonymous
16-18 : GET /static/kyuukurarin.mp4 anonymous
16-18 : GET /sounds/list anonymous
16-18 : GET /static/Darude%20Sandstorm%20Shittyflute.mp3 anonymous
16-18 : GET /static/poulette.mp3 anonymous
16-18 : GET /static/maro-jump-sound-effect_1.mp3 anonymous
16-18 : GET /static/kyuukurarin.mp4 anonymous
16-18 : GET /static/Darude%20Sandstorm%20Shittyflute.mp3 anonymous
16-18 : GET /static/kyuukurarin.mp4 anonymous
16-18 : GET /static/kyuukurarin.mp4 anonymous
16-18 : GET /static/kyuukurarin.mp4 anonymous
16-18 : GET /static/kyuukurarin.mp4 anonymous
16-18 : GET /static/kyuukurarin.mp4 anonymous
16-18 : GET /static/kyuukurarin.mp4 anonymous
16-18 : GET /static/kyuukurarin.mp4 anonymous
16-18 : GET /static/kyuukurarin.mp4 anonymous
16-18 : GET /static/kyuukurarin.mp4 anonymous
16-18 : GET /static/kyuukurarin.mp4 anonymous
16-18 : GET /static/kyuukurarin.mp4 anonymous
16-18 : GET /static/kyuukurarin.mp4 anonymous
16-18 : GET /static/kyuukurarin.mp4 anonymous
16-18 : GET /static/kyuukurarin.mp4 anonymous
16-18 : GET /static/kyuukurarin.mp4 anonymous
16-18 : GET /static/kyuukurarin.mp4 anonymous
16-18 : GET /static/kyuukurarin.mp4 anonymous
16-18 : GET /static/kyuukurarin.mp4 anonymous
16-18 : GET /static/kyuukurarin.mp4 anonymous
16-18 : GET /static/kyuukurarin.mp4 anonymous
16-18 : GET /static/kyuukurarin.mp4 anonymous
16-18 : GET /static/kyuukurarin.mp4 anonymous
16-18 : GET /static/kyuukurarin.mp4 anonymous
16-18 : GET /static/kyuukurarin.mp4 anonymous
16-18 : GET /static/kyuukurarin.mp4 anonymous
16-18 : GET /static/kyuukurarin.mp4 anonymous
16-18 : GET /static/kyuukurarin.mp4 anonymous
16-18 : GET /static/kyuukurarin.mp4 anonymous
16-18 : POST /sounds/ anonymous
16-19 : GET /static/poulette.mp3 anonymous
16-19 : GET /static/maro-jump-sound-effect_1.mp3 anonymous
16-19 : GET /static/kyuukurarin.mp4 anonymous
16-19 : GET /static/kyuukurarin.mp4 anonymous
16-19 : GET /static/kyuukurarin.mp4 anonymous
16-19 : GET /static/kyuukurarin.mp4 anonymous
16-19 : GET /static/kyuukurarin.mp4 anonymous
16-19 : GET /static/kyuukurarin.mp4 anonymous
16-19 : GET /static/kyuukurarin.mp4 anonymous
16-19 : GET /static/kyuukurarin.mp4 anonymous
16-19 : GET /sounds/list anonymous
16-19 : GET /static/Darude%20Sandstorm%20Shittyflute.mp3 anonymous
16-19 : GET /static/poulette.mp3 anonymous
16-19 : GET /static/maro-jump-sound-effect_1.mp3 anonymous
16-19 : GET /static/Darude%20Sandstorm%20Shittyflute.mp3 anonymous
16-19 : GET /static/kyuukurarin.mp4 anonymous
16-19 : GET /static/kyuukurarin.mp4 anonymous
16-19 : GET /static/kyuukurarin.mp4 anonymous
16-19 : GET /static/kyuukurarin.mp4 anonymous
16-19 : GET /static/kyuukurarin.mp4 anonymous
16-19 : GET /static/kyuukurarin.mp4 anonymous
16-19 : GET /static/kyuukurarin.mp4 anonymous
16-19 : GET /static/kyuukurarin.mp4 anonymous
16-19 : GET /static/kyuukurarin.mp4 anonymous
16-19 : GET /static/kyuukurarin.mp4 anonymous
16-19 : GET /static/kyuukurarin.mp4 anonymous
16-19 : GET /static/kyuukurarin.mp4 anonymous
16-19 : GET /static/kyuukurarin.mp4 anonymous
16-19 : GET /static/kyuukurarin.mp4 anonymous
16-19 : GET /static/kyuukurarin.mp4 anonymous
16-19 : GET /static/kyuukurarin.mp4 anonymous
16-19 : GET /static/kyuukurarin.mp4 anonymous
16-19 : GET /static/kyuukurarin.mp4 anonymous
16-19 : GET /static/kyuukurarin.mp4 anonymous
16-19 : GET /static/kyuukurarin.mp4 anonymous
16-19 : GET /static/kyuukurarin.mp4 anonymous
16-19 : GET /static/kyuukurarin.mp4 anonymous
16-19 : GET /static/kyuukurarin.mp4 anonymous
16-19 : GET /static/kyuukurarin.mp4 anonymous
16-19 : GET /static/kyuukurarin.mp4 anonymous
16-19 : GET /static/kyuukurarin.mp4 anonymous
16-19 : GET /static/kyuukurarin.mp4 anonymous
16-19 : GET /static/kyuukurarin.mp4 anonymous
16-19 : GET /static/kyuukurarin.mp4 anonymous
16-19 : GET /static/kyuukurarin.mp4 anonymous
16-19 : GET /static/kyuukurarin.mp4 anonymous
16-19 : GET /static/kyuukurarin.mp4 anonymous
16-19 : GET /static/kyuukurarin.mp4 anonymous
16-19 : GET /static/kyuukurarin.mp4 anonymous
16-19 : GET /static/kyuukurarin.mp4 anonymous
16-20 : POST /sounds/ anonymous
16-20 : GET /sounds/list anonymous
16-20 : GET /static/Darude%20Sandstorm%20Shittyflute.mp3 anonymous
16-20 : GET /static/ anonymous
16-20 : GET /static/poulette.mp3 anonymous
16-20 : GET /static/maro-jump-sound-effect_1.mp3 anonymous
16-20 : GET /static/Darude%20Sandstorm%20Shittyflute.mp3 anonymous
16-20 : GET /static/kyuukurarin.mp4 anonymous
16-20 : GET /static/kyuukurarin.mp4 anonymous
16-20 : GET /static/kyuukurarin.mp4 anonymous
16-20 : GET /static/kyuukurarin.mp4 anonymous
16-20 : GET /static/kyuukurarin.mp4 anonymous
16-20 : GET /static/kyuukurarin.mp4 anonymous
16-20 : GET /static/kyuukurarin.mp4 anonymous
16-20 : GET /static/kyuukurarin.mp4 anonymous
16-20 : GET /static/kyuukurarin.mp4 anonymous
16-20 : GET /static/kyuukurarin.mp4 anonymous
16-20 : GET /static/kyuukurarin.mp4 anonymous
16-20 : GET /static/kyuukurarin.mp4 anonymous
16-20 : GET /static/kyuukurarin.mp4 anonymous
16-20 : GET /static/kyuukurarin.mp4 anonymous
16-20 : GET /static/kyuukurarin.mp4 anonymous
16-20 : GET /static/kyuukurarin.mp4 anonymous
16-20 : GET /static/kyuukurarin.mp4 anonymous
16-20 : GET /static/kyuukurarin.mp4 anonymous
16-20 : GET /static/kyuukurarin.mp4 anonymous
16-20 : GET /static/kyuukurarin.mp4 anonymous
16-20 : GET /static/kyuukurarin.mp4 anonymous
16-20 : GET /static/kyuukurarin.mp4 anonymous
16-20 : GET /static/kyuukurarin.mp4 anonymous
16-20 : GET /static/kyuukurarin.mp4 anonymous
16-20 : GET /static/kyuukurarin.mp4 anonymous
16-20 : GET /static/kyuukurarin.mp4 anonymous
16-20 : GET /static/kyuukurarin.mp4 anonymous
16-20 : GET /static/kyuukurarin.mp4 anonymous
16-20 : GET /static/kyuukurarin.mp4 anonymous
16-20 : GET /static/kyuukurarin.mp4 anonymous
16-20 : GET /static/kyuukurarin.mp4 anonymous
16-20 : GET /static/kyuukurarin.mp4 anonymous
16-20 : GET /static/kyuukurarin.mp4 anonymous
16-20 : GET /static/kyuukurarin.mp4 anonymous
16-20 : GET /static/kyuukurarin.mp4 anonymous
16-20 : GET /static/kyuukurarin.mp4 anonymous
16-20 : GET /static/kyuukurarin.mp4 anonymous
16-24 : POST /sounds/ anonymous
16-24 : GET /sounds/list anonymous
16-24 : GET /static/Darude%20Sandstorm%20Shittyflute.mp3 anonymous
16-24 : GET /static/poulette.mp3 anonymous
16-24 : GET /static/maro-jump-sound-effect_1.mp3 anonymous
16-24 : GET /static/ anonymous
16-24 : GET /static/kyuukurarin.mp4 anonymous
16-24 : GET /static/Darude%20Sandstorm%20Shittyflute.mp3 anonymous
16-24 : GET /static/ anonymous
16-24 : GET /static/kyuukurarin.mp4 anonymous
16-24 : GET /static/kyuukurarin.mp4 anonymous
16-24 : GET /static/kyuukurarin.mp4 anonymous
16-24 : GET /static/kyuukurarin.mp4 anonymous
16-24 : GET /static/kyuukurarin.mp4 anonymous
16-24 : GET /static/kyuukurarin.mp4 anonymous
16-24 : GET /static/kyuukurarin.mp4 anonymous
16-24 : GET /static/kyuukurarin.mp4 anonymous
16-24 : GET /static/kyuukurarin.mp4 anonymous
16-24 : GET /static/kyuukurarin.mp4 anonymous
16-24 : GET /static/kyuukurarin.mp4 anonymous
16-24 : GET /static/kyuukurarin.mp4 anonymous
16-24 : GET /static/kyuukurarin.mp4 anonymous
16-24 : GET /static/kyuukurarin.mp4 anonymous
16-24 : GET /static/kyuukurarin.mp4 anonymous
16-24 : GET /static/kyuukurarin.mp4 anonymous
16-24 : GET /static/kyuukurarin.mp4 anonymous
16-24 : GET /static/kyuukurarin.mp4 anonymous
16-24 : GET /static/kyuukurarin.mp4 anonymous
16-24 : GET /static/kyuukurarin.mp4 anonymous
16-24 : GET /static/kyuukurarin.mp4 anonymous
16-24 : GET /static/kyuukurarin.mp4 anonymous
16-24 : GET /static/kyuukurarin.mp4 anonymous
16-24 : GET /static/kyuukurarin.mp4 anonymous
16-24 : GET /static/kyuukurarin.mp4 anonymous
16-24 : GET /static/kyuukurarin.mp4 anonymous
16-24 : GET /static/kyuukurarin.mp4 anonymous
16-24 : GET /static/kyuukurarin.mp4 anonymous
16-24 : GET /static/kyuukurarin.mp4 anonymous
16-24 : GET /static/kyuukurarin.mp4 anonymous
16-24 : GET /static/kyuukurarin.mp4 anonymous
16-24 : GET /static/kyuukurarin.mp4 anonymous
16-24 : GET /static/kyuukurarin.mp4 anonymous
16-24 : GET /static/kyuukurarin.mp4 anonymous
16-24 : GET /static/kyuukurarin.mp4 anonymous
16-24 : GET /static/kyuukurarin.mp4 anonymous
16-24 : GET /static/kyuukurarin.mp4 anonymous
16-24 : GET /static/kyuukurarin.mp4 anonymous
16-24 : GET /static/kyuukurarin.mp4 anonymous
16-24 : GET /static/kyuukurarin.mp4 anonymous
16-24 : GET /static/kyuukurarin.mp4 anonymous
16-24 : GET /sounds/list anonymous
16-24 : GET /static/poulette.mp3 anonymous
16-24 : GET /static/maro-jump-sound-effect_1.mp3 anonymous
16-24 : GET /static/Darude%20Sandstorm%20Shittyflute.mp3 anonymous
16-24 : GET /static/ anonymous
16-24 : GET /static/Darude%20Sandstorm%20Shittyflute.mp3 anonymous
16-24 : GET /static/ anonymous
16-24 : GET /static/kyuukurarin.mp4 anonymous
16-24 : GET /static/kyuukurarin.mp4 anonymous
16-24 : GET /static/kyuukurarin.mp4 anonymous
16-24 : GET /static/kyuukurarin.mp4 anonymous
16-24 : GET /static/kyuukurarin.mp4 anonymous
16-24 : GET /static/kyuukurarin.mp4 anonymous
16-24 : GET /static/kyuukurarin.mp4 anonymous
16-24 : GET /static/kyuukurarin.mp4 anonymous
16-24 : GET /static/kyuukurarin.mp4 anonymous
16-24 : GET /static/kyuukurarin.mp4 anonymous
16-24 : GET /static/kyuukurarin.mp4 anonymous
16-24 : GET /static/kyuukurarin.mp4 anonymous
16-24 : GET /static/kyuukurarin.mp4 anonymous
16-24 : GET /static/kyuukurarin.mp4 anonymous
16-24 : GET /static/kyuukurarin.mp4 anonymous
16-24 : GET /static/kyuukurarin.mp4 anonymous
16-24 : GET /static/kyuukurarin.mp4 anonymous
16-24 : GET /static/kyuukurarin.mp4 anonymous
16-24 : GET /static/kyuukurarin.mp4 anonymous
16-24 : GET /static/kyuukurarin.mp4 anonymous
16-24 : GET /static/kyuukurarin.mp4 anonymous
16-24 : GET /static/kyuukurarin.mp4 anonymous
16-24 : GET /static/kyuukurarin.mp4 anonymous
16-24 : GET /static/kyuukurarin.mp4 anonymous
16-24 : GET /static/kyuukurarin.mp4 anonymous
16-24 : GET /static/kyuukurarin.mp4 anonymous
16-24 : GET /static/kyuukurarin.mp4 anonymous
16-24 : GET /static/kyuukurarin.mp4 anonymous
16-24 : GET /static/kyuukurarin.mp4 anonymous
16-24 : GET /static/kyuukurarin.mp4 anonymous
16-24 : GET /static/kyuukurarin.mp4 anonymous
16-24 : GET /static/kyuukurarin.mp4 anonymous
16-24 : GET /static/kyuukurarin.mp4 anonymous
16-24 : GET /static/kyuukurarin.mp4 anonymous
16-24 : GET /static/kyuukurarin.mp4 anonymous
16-24 : GET /static/kyuukurarin.mp4 anonymous
16-24 : GET /static/kyuukurarin.mp4 anonymous
16-24 : GET /static/kyuukurarin.mp4 anonymous
16-24 : GET /static/kyuukurarin.mp4 anonymous
16-24 : GET /static/kyuukurarin.mp4 anonymous
16-24 : GET /static/kyuukurarin.mp4 anonymous
16-24 : GET /static/kyuukurarin.mp4 anonymous
16-24 : GET /static/kyuukurarin.mp4 anonymous
16-24 : GET /static/kyuukurarin.mp4 anonymous
16-24 : POST /sounds/ anonymous
16-24 : GET /sounds/list anonymous
16-24 : GET /static/Darude%20Sandstorm%20Shittyflute.mp3 anonymous
16-24 : GET /static/Darude%20Sandstorm%20Shittyflute.mp3 anonymous
16-24 : GET /static/poulette.mp3 anonymous
16-24 : GET /static/maro-jump-sound-effect_1.mp3 anonymous
16-24 : GET /static/ anonymous
16-24 : GET /static/poulette.mp3 anonymous
16-24 : GET /static/ anonymous
16-24 : GET /static/maro-jump-sound-effect_1.mp3 anonymous
16-24 : GET /static/kyuukurarin.mp4 anonymous
16-24 : GET /static/kyuukurarin.mp4 anonymous
16-24 : GET /static/kyuukurarin.mp4 anonymous
16-24 : GET /static/kyuukurarin.mp4 anonymous
16-24 : GET /static/kyuukurarin.mp4 anonymous
16-24 : GET /static/kyuukurarin.mp4 anonymous
16-24 : GET /static/kyuukurarin.mp4 anonymous
16-24 : GET /static/kyuukurarin.mp4 anonymous
16-24 : GET /static/kyuukurarin.mp4 anonymous
16-24 : GET /static/kyuukurarin.mp4 anonymous
16-24 : GET /static/kyuukurarin.mp4 anonymous
16-24 : GET /static/kyuukurarin.mp4 anonymous
16-24 : GET /static/kyuukurarin.mp4 anonymous
16-24 : GET /static/kyuukurarin.mp4 anonymous
16-24 : GET /static/kyuukurarin.mp4 anonymous
16-24 : GET /static/kyuukurarin.mp4 anonymous
16-24 : GET /static/kyuukurarin.mp4 anonymous
16-24 : GET /static/kyuukurarin.mp4 anonymous
16-24 : GET /static/kyuukurarin.mp4 anonymous
16-24 : GET /static/kyuukurarin.mp4 anonymous
16-24 : GET /static/kyuukurarin.mp4 anonymous
16-24 : GET /static/kyuukurarin.mp4 anonymous
16-24 : GET /static/kyuukurarin.mp4 anonymous
16-24 : GET /static/kyuukurarin.mp4 anonymous
16-24 : GET /static/kyuukurarin.mp4 anonymous
16-24 : GET /static/kyuukurarin.mp4 anonymous
16-24 : GET /static/kyuukurarin.mp4 anonymous
16-24 : GET /static/kyuukurarin.mp4 anonymous
16-24 : GET /static/kyuukurarin.mp4 anonymous
16-24 : GET /static/kyuukurarin.mp4 anonymous
16-24 : GET /static/kyuukurarin.mp4 anonymous
16-24 : GET /static/kyuukurarin.mp4 anonymous
16-24 : GET /static/kyuukurarin.mp4 anonymous
16-24 : GET /static/kyuukurarin.mp4 anonymous
16-24 : GET /static/kyuukurarin.mp4 anonymous
16-24 : GET /static/kyuukurarin.mp4 anonymous
16-24 : GET /static/kyuukurarin.mp4 anonymous
16-24 : GET /static/kyuukurarin.mp4 anonymous
16-24 : GET /static/kyuukurarin.mp4 anonymous
16-24 : GET /static/kyuukurarin.mp4 anonymous
16-24 : GET /static/poulette.mp3 anonymous
16-26 : POST /sounds/ anonymous
16-26 : GET /sounds/list anonymous
16-26 : GET /static/Darude%20Sandstorm%20Shittyflute.mp3 anonymous
16-26 : GET /static/poulette.mp3 anonymous
16-26 : GET /static/maro-jump-sound-effect_1.mp3 anonymous
16-26 : GET /static/ anonymous
16-26 : GET /static/kyuukurarin.mp4 anonymous
16-26 : GET /static/Darude%20Sandstorm%20Shittyflute.mp3 anonymous
16-26 : GET /static/ anonymous
16-26 : GET /static/poulette.mp3 anonymous
16-26 : GET /static/maro-jump-sound-effect_1.mp3 anonymous
16-26 : GET /static/poulette.mp3 anonymous
16-26 : GET /static/maro-jump-sound-effect_1.mp3 anonymous
16-26 : GET /static/kyuukurarin.mp4 anonymous
16-26 : GET /static/kyuukurarin.mp4 anonymous
16-26 : GET /static/kyuukurarin.mp4 anonymous
16-26 : GET /static/kyuukurarin.mp4 anonymous
16-26 : GET /static/kyuukurarin.mp4 anonymous
16-26 : GET /static/kyuukurarin.mp4 anonymous
16-26 : GET /static/kyuukurarin.mp4 anonymous
16-26 : GET /static/kyuukurarin.mp4 anonymous
16-26 : GET /static/kyuukurarin.mp4 anonymous
16-26 : GET /static/kyuukurarin.mp4 anonymous
16-26 : GET /static/kyuukurarin.mp4 anonymous
16-26 : GET /static/kyuukurarin.mp4 anonymous
16-26 : GET /static/kyuukurarin.mp4 anonymous
16-26 : GET /static/kyuukurarin.mp4 anonymous
16-26 : GET /static/kyuukurarin.mp4 anonymous
16-26 : GET /static/kyuukurarin.mp4 anonymous
16-26 : GET /static/kyuukurarin.mp4 anonymous
16-26 : GET /static/kyuukurarin.mp4 anonymous
16-26 : GET /static/kyuukurarin.mp4 anonymous
16-26 : GET /static/kyuukurarin.mp4 anonymous
16-26 : GET /static/kyuukurarin.mp4 anonymous
16-26 : GET /static/kyuukurarin.mp4 anonymous
16-26 : GET /static/kyuukurarin.mp4 anonymous
16-26 : GET /static/kyuukurarin.mp4 anonymous
16-26 : GET /static/kyuukurarin.mp4 anonymous
16-26 : GET /static/kyuukurarin.mp4 anonymous
16-26 : GET /static/kyuukurarin.mp4 anonymous
16-26 : GET /static/kyuukurarin.mp4 anonymous
16-26 : GET /static/kyuukurarin.mp4 anonymous
16-26 : GET /static/kyuukurarin.mp4 anonymous
16-26 : GET /static/kyuukurarin.mp4 anonymous
16-26 : GET /static/kyuukurarin.mp4 anonymous
16-26 : GET /static/kyuukurarin.mp4 anonymous
16-26 : GET /static/kyuukurarin.mp4 anonymous
16-26 : GET /static/kyuukurarin.mp4 anonymous
16-26 : GET /static/kyuukurarin.mp4 anonymous
16-26 : GET /static/kyuukurarin.mp4 anonymous
16-26 : GET /static/kyuukurarin.mp4 anonymous
16-26 : GET /static/kyuukurarin.mp4 anonymous
16-26 : GET /static/poulette.mp3 anonymous
16-28 : POST /sounds/ anonymous
16-28 : GET /sounds/list anonymous
16-28 : GET /static/Darude%20Sandstorm%20Shittyflute.mp3 anonymous
16-28 : GET /static/Darude%20Sandstorm%20Shittyflute.mp3 anonymous
16-28 : GET /static/poulette.mp3 anonymous
16-28 : GET /static/kyuukurarin.mp4 anonymous
16-28 : GET /static/maro-jump-sound-effect_1.mp3 anonymous
16-28 : GET /static/poulette.mp3 anonymous
16-28 : GET /static/ anonymous
16-28 : GET /static/maro-jump-sound-effect_1.mp3 anonymous
16-28 : GET /static/ anonymous
16-28 : GET /static/poulette.mp3 anonymous
16-28 : GET /static/maro-jump-sound-effect_1.mp3 anonymous
16-28 : GET /static/poulette.mp3 anonymous
16-28 : GET /static/kyuukurarin.mp4 anonymous
16-28 : GET /static/maro-jump-sound-effect_1.mp3 anonymous
16-28 : GET /static/kyuukurarin.mp4 anonymous
16-28 : GET /static/kyuukurarin.mp4 anonymous
16-28 : GET /static/kyuukurarin.mp4 anonymous
16-28 : GET /static/kyuukurarin.mp4 anonymous
16-28 : GET /static/kyuukurarin.mp4 anonymous
16-28 : GET /static/kyuukurarin.mp4 anonymous
16-28 : GET /static/kyuukurarin.mp4 anonymous
16-28 : GET /static/kyuukurarin.mp4 anonymous
16-28 : GET /static/kyuukurarin.mp4 anonymous
16-28 : GET /static/kyuukurarin.mp4 anonymous
16-28 : GET /static/kyuukurarin.mp4 anonymous
16-28 : GET /static/kyuukurarin.mp4 anonymous
16-28 : GET /static/kyuukurarin.mp4 anonymous
16-28 : GET /static/kyuukurarin.mp4 anonymous
16-28 : GET /static/kyuukurarin.mp4 anonymous
16-28 : GET /static/kyuukurarin.mp4 anonymous
16-28 : GET /static/kyuukurarin.mp4 anonymous
16-28 : GET /static/kyuukurarin.mp4 anonymous
16-28 : GET /static/kyuukurarin.mp4 anonymous
16-28 : GET /static/kyuukurarin.mp4 anonymous
16-28 : GET /static/kyuukurarin.mp4 anonymous
16-28 : GET /static/kyuukurarin.mp4 anonymous
16-28 : GET /static/kyuukurarin.mp4 anonymous
16-28 : GET /static/kyuukurarin.mp4 anonymous
16-28 : GET /static/kyuukurarin.mp4 anonymous
16-28 : GET /static/kyuukurarin.mp4 anonymous
16-28 : GET /static/kyuukurarin.mp4 anonymous
16-28 : GET /static/kyuukurarin.mp4 anonymous
16-28 : GET /static/kyuukurarin.mp4 anonymous
16-28 : GET /static/kyuukurarin.mp4 anonymous
16-28 : GET /static/kyuukurarin.mp4 anonymous
16-28 : GET /static/kyuukurarin.mp4 anonymous
16-28 : GET /static/kyuukurarin.mp4 anonymous
16-28 : GET /static/kyuukurarin.mp4 anonymous
16-28 : GET /static/kyuukurarin.mp4 anonymous
16-28 : GET /static/kyuukurarin.mp4 anonymous
16-28 : GET /static/kyuukurarin.mp4 anonymous
16-28 : GET /static/kyuukurarin.mp4 anonymous
16-28 : GET /static/kyuukurarin.mp4 anonymous
16-28 : GET /static/kyuukurarin.mp4 anonymous
16-28 : GET /static/kyuukurarin.mp4 anonymous
16-28 : GET /static/kyuukurarin.mp4 anonymous
16-28 : GET /static/kyuukurarin.mp4 anonymous
16-28 : GET /static/kyuukurarin.mp4 anonymous
16-28 : GET /static/kyuukurarin.mp4 anonymous
16-28 : GET /static/kyuukurarin.mp4 anonymous
16-28 : GET /static/kyuukurarin.mp4 anonymous
16-28 : GET /static/kyuukurarin.mp4 anonymous
16-28 : GET /static/kyuukurarin.mp4 anonymous
16-28 : POST /sounds/ anonymous
16-28 : GET /sounds/list anonymous
16-28 : GET /static/Darude%20Sandstorm%20Shittyflute.mp3 anonymous
16-28 : GET /static/Darude%20Sandstorm%20Shittyflute.mp3 anonymous
16-28 : GET /static/poulette.mp3 anonymous
16-28 : GET /static/maro-jump-sound-effect_1.mp3 anonymous
16-28 : GET /static/ anonymous
16-28 : GET /static/poulette.mp3 anonymous
16-28 : GET /static/maro-jump-sound-effect_1.mp3 anonymous
16-28 : GET /static/ anonymous
16-28 : GET /static/poulette.mp3 anonymous
16-28 : GET /static/maro-jump-sound-effect_1.mp3 anonymous
16-28 : GET /static/poulette.mp3 anonymous
16-28 : GET /static/kyuukurarin.mp4 anonymous
16-28 : GET /static/maro-jump-sound-effect_1.mp3 anonymous
16-28 : GET /static/kyuukurarin.mp4 anonymous
16-28 : GET /static/poulette.mp3 anonymous
16-28 : GET /static/maro-jump-sound-effect_1.mp3 anonymous
16-28 : GET /static/kyuukurarin.mp4 anonymous
16-28 : GET /static/kyuukurarin.mp4 anonymous
16-28 : GET /static/kyuukurarin.mp4 anonymous
16-28 : GET /static/kyuukurarin.mp4 anonymous
16-28 : GET /static/kyuukurarin.mp4 anonymous
16-28 : GET /static/kyuukurarin.mp4 anonymous
16-28 : GET /static/kyuukurarin.mp4 anonymous
16-28 : GET /static/kyuukurarin.mp4 anonymous
16-28 : GET /static/kyuukurarin.mp4 anonymous
16-28 : GET /static/kyuukurarin.mp4 anonymous
16-28 : GET /static/kyuukurarin.mp4 anonymous
16-28 : GET /static/kyuukurarin.mp4 anonymous
16-28 : GET /static/kyuukurarin.mp4 anonymous
16-28 : GET /static/kyuukurarin.mp4 anonymous
16-28 : GET /static/kyuukurarin.mp4 anonymous
16-28 : GET /static/kyuukurarin.mp4 anonymous
16-28 : GET /static/kyuukurarin.mp4 anonymous
16-28 : GET /static/kyuukurarin.mp4 anonymous
16-28 : GET /static/kyuukurarin.mp4 anonymous
16-28 : GET /static/kyuukurarin.mp4 anonymous
16-28 : GET /static/kyuukurarin.mp4 anonymous
16-28 : GET /static/kyuukurarin.mp4 anonymous
16-28 : GET /static/kyuukurarin.mp4 anonymous
16-28 : GET /static/kyuukurarin.mp4 anonymous
16-28 : GET /static/kyuukurarin.mp4 anonymous
16-28 : GET /static/kyuukurarin.mp4 anonymous
16-28 : GET /static/kyuukurarin.mp4 anonymous
16-28 : GET /static/kyuukurarin.mp4 anonymous
16-28 : GET /static/kyuukurarin.mp4 anonymous
16-28 : GET /static/kyuukurarin.mp4 anonymous
16-28 : GET /static/kyuukurarin.mp4 anonymous
16-28 : GET /static/kyuukurarin.mp4 anonymous
16-28 : GET /static/kyuukurarin.mp4 anonymous
16-28 : GET /static/kyuukurarin.mp4 anonymous
16-28 : GET /static/kyuukurarin.mp4 anonymous
16-28 : GET /static/kyuukurarin.mp4 anonymous
16-28 : GET /static/kyuukurarin.mp4 anonymous
16-28 : GET /static/kyuukurarin.mp4 anonymous
16-28 : GET /static/kyuukurarin.mp4 anonymous
16-28 : GET /static/kyuukurarin.mp4 anonymous
16-28 : GET /static/kyuukurarin.mp4 anonymous
16-28 : GET /static/kyuukurarin.mp4 anonymous
16-28 : GET /static/kyuukurarin.mp4 anonymous
