11-39 : GET /sounds/list anonymous
11-39 : GET /favicon.ico anonymous
11-40 : POST /sounds/ anonymous
11-50 : GET /sounds/list anonymous
11-58 : GET /sounds/list anonymous
11-59 : POST /sounds/ anonymous
11-59 : GET /sounds/list anonymous
11-59 : GET /static/ta-gueule_6iavH8Q-1706785181733.mp3 anonymous
11-59 : GET /sounds/list anonymous
12-2 : GET /sounds/list anonymous
12-2 : GET /static/ta-gueule_6iavH8Q-1706785181733.mp3 anonymous
12-2 : POST /sounds/ anonymous
12-2 : GET /sounds/list anonymous
12-2 : GET /static/discord-notification-1706785376582.mp3 anonymous
12-4 : POST /sounds/ anonymous
12-4 : GET /sounds/list anonymous
12-4 : GET /static/discord-notification-1706785376582.mp3 anonymous
12-4 : GET /static/ta-gueule_6iavH8Q-1706785181733.mp3 anonymous
12-4 : GET /sounds/list anonymous
12-4 : POST /sounds/ anonymous
12-4 : GET /sounds/list anonymous
12-4 : GET /static/discord-notification-1706785497183.mp3 anonymous
12-4 : GET /static/ta-gueule_6iavH8Q-1706785497183.mp3 anonymous
12-6 : GET /sounds/list anonymous
12-6 : GET /static/ta-gueule_6iavH8Q-1706785181733.mp3 anonymous
12-6 : GET /static/discord-notification-1706785497183.mp3 anonymous
12-6 : GET /static/ta-gueule_6iavH8Q-1706785497183.mp3 anonymous
12-6 : GET /static/discord-notification-1706785376582.mp3 anonymous
12-6 : GET /sounds/list anonymous
12-6 : GET /sounds/list anonymous
12-6 : GET /sounds/list anonymous
12-6 : GET /sounds/list anonymous
12-6 : POST /sounds/ anonymous
12-7 : POST /sounds/ anonymous
12-7 : GET /sounds/list anonymous
12-7 : GET /static/discord-notification-1706785636905.mp3 anonymous
12-7 : GET /static/ta-gueule_6iavH8Q-1706785636905.mp3 anonymous
12-7 : DELETE /sounds/1706785497202 anonymous
12-7 : GET /sounds/list anonymous
12-7 : GET /static/discord-notification-1706785636905.mp3 anonymous
12-7 : GET /static/ta-gueule_6iavH8Q-1706785636905.mp3 anonymous
12-7 : GET /static/ta-gueule_6iavH8Q-1706785181733.mp3 anonymous
12-7 : GET /static/discord-notification-1706785376582.mp3 anonymous
12-7 : GET /static/discord-notification-1706785497183.mp3 anonymous
12-7 : DELETE /sounds/1706785497187 anonymous
12-7 : GET /sounds/list anonymous
12-7 : DELETE /sounds/1706785636909 anonymous
12-7 : GET /sounds/list anonymous
12-7 : DELETE /sounds/1706785636943 anonymous
12-7 : GET /sounds/list anonymous
12-7 : DELETE /sounds/1706785181743 anonymous
12-7 : GET /sounds/list anonymous
12-9 : DELETE /sounds/1706785376598 anonymous
12-9 : GET /sounds/list anonymous
12-10 : POST /sounds/ anonymous
12-10 : GET /sounds/list anonymous
12-10 : GET /static/discord-notification-1706785807485.mp3 anonymous
12-10 : GET /static/ta-gueule_6iavH8Q-1706785807485.mp3 anonymous
12-10 : DELETE /sounds/1706785807506 anonymous
12-10 : DELETE /sounds/1706785807506 anonymous
12-10 : GET /sounds/list anonymous
12-10 : GET /sounds/list anonymous
12-10 : DELETE /sounds/1706785807489 anonymous
12-10 : GET /sounds/list anonymous
12-16 : GET /sounds/list anonymous
12-16 : POST /sounds/ anonymous
12-16 : GET /sounds/list anonymous
12-16 : GET /static/ta-gueule_6iavH8Q-1706786182595.mp3 anonymous
12-16 : GET /static/discord-notification-1706786182596.mp3 anonymous
12-16 : POST /sounds/ anonymous
12-17 : POST /sounds/ anonymous
12-17 : GET /static/ta-gueule_6iavH8Q-1706786182595.mp3 anonymous
12-17 : GET /static/discord-notification-1706786182596.mp3 anonymous
12-18 : DELETE /sounds/1706786182602 anonymous
12-18 : GET /sounds/list anonymous
12-18 : GET /static/discord-notification-1706786182596.mp3 anonymous
12-18 : DELETE /sounds/1706786182622 anonymous
12-18 : GET /sounds/list anonymous
12-18 : POST /sounds/ anonymous
12-18 : GET /sounds/list anonymous
12-18 : GET /static/discord-notification-1706786316792.mp3 anonymous
12-19 : POST /sounds/1706786316798 anonymous
12-24 : GET /sounds/list anonymous
12-24 : GET /static/discord-notification-1706786316792.mp3 anonymous
12-25 : GET /sounds/list anonymous
12-25 : GET /static/discord-notification-1706786316792.mp3 anonymous
12-29 : GET /sounds/list anonymous
12-29 : GET /static/discord-notification-1706786316792.mp3 anonymous
12-29 : POST /sounds/1706786316798 anonymous
12-29 : GET /sounds anonymous
12-30 : GET /sounds/list anonymous
12-30 : GET /static/discord-notification-1706786316792.mp3 anonymous
12-30 : POST /sounds/1706786316798 anonymous
12-30 : GET /sounds/list anonymous
12-30 : POST /sounds/1706786316798 anonymous
13-52 : GET /sounds/list anonymous
13-52 : GET /static/ta-gueule_6iavH8Q.mp3 anonymous
13-52 : POST /sounds/1706786316798 anonymous
13-53 : GET /sounds/list anonymous
13-53 : GET /static/ta-gueule_6iavH8Q.mp3 anonymous
13-53 : POST /sounds/1706786316798 anonymous
13-53 : GET /sounds/list anonymous
13-53 : GET /static/discord-notification-1706792003951.mp3 anonymous
13-53 : POST /sounds/1706786316798 anonymous
13-53 : GET /sounds/list anonymous
13-53 : GET /static/discord-notification-1706792035883.mp3 anonymous
13-54 : POST /sounds/1706786316798 anonymous
13-54 : GET /sounds/list anonymous
13-54 : GET /static/ta-gueule_6iavH8Q-1706792042006.mp3 anonymous
13-54 : GET /users/list anonymous
13-55 : PATCH /users/12efe49c-2cba-49ee-9996-d557003330f8 anonymous
13-55 : GET /users/list anonymous
13-55 : PATCH /users/12efe49c-2cba-49ee-9996-d557003330f8 anonymous
13-55 : GET /users/list anonymous
13-55 : PATCH /users/c2e1e7fc-b560-4b81-9da7-121bf99851e1 anonymous
13-55 : GET /users/list anonymous
13-55 : PATCH /users/c2e1e7fc-b560-4b81-9da7-121bf99851e1 anonymous
13-55 : GET /users/list anonymous
13-55 : PATCH /users/c2e1e7fc-b560-4b81-9da7-121bf99851e1 anonymous
13-55 : GET /users/list anonymous
13-55 : PATCH /users/12efe49c-2cba-49ee-9996-d557003330f8 anonymous
13-55 : GET /users/list anonymous
13-55 : PATCH /users/12efe49c-2cba-49ee-9996-d557003330f8 anonymous
13-55 : GET /users/list anonymous
13-55 : PATCH /users/12efe49c-2cba-49ee-9996-d557003330f8 anonymous
13-55 : GET /users/list anonymous
