9-39 : GET /sounds/325234542345 1
9-48 : GET /sounds/1337 anonymous
9-48 : GET /sounds/1337 1
9-48 : DELETE /sounds/1337 1
9-48 : GET /sounds/1337 1
9-49 : GET /sounds/1337 1
9-49 : DELETE /sounds/1337 1
9-49 : GET /sounds/1337 1
9-53 : DELETE /sounds/42 1
9-56 : GET /sounds/42 1
9-56 : GET /sounds/42 1
9-56 : DELETE /sounds/2 1
9-56 : GET /sounds/2 1
10-14 : GET /list anonymous
10-14 : GET /favicon.ico anonymous
10-14 : GET /sounds/list anonymous
10-15 : GET /sounds/list anonymous
10-15 : DELETE /sounds/3 anonymous
10-15 : GET /sounds/list anonymous
12-6 : GET /sounds/list anonymous
12-6 : GET /favicon.ico anonymous
12-7 : POST /sounds/5 anonymous
12-7 : GET /sounds/list anonymous
12-7 : GET /sounds/list anonymous
12-7 : POST /sounds/5 anonymous
12-7 : GET /sounds/list anonymous
12-7 : POST /sounds/5 anonymous
12-7 : GET /sounds/list anonymous
12-7 : POST /sounds/5 anonymous
12-7 : GET /sounds/list anonymous
12-7 : GET /sounds/list anonymous
12-7 : GET /sounds/list anonymous
12-7 : GET /sounds/list anonymous
12-7 : POST /sounds anonymous
12-7 : GET /sounds/list anonymous
12-7 : POST /sounds anonymous
12-7 : GET /sounds/list anonymous
12-7 : POST /sounds anonymous
12-7 : GET /sounds/list anonymous
12-7 : POST /sounds anonymous
12-7 : GET /sounds/list anonymous
12-8 : POST /sounds anonymous
12-8 : GET /sounds/list anonymous
12-8 : POST /sounds anonymous
12-8 : GET /sounds/list anonymous
12-8 : POST /sounds anonymous
12-8 : GET /sounds/list anonymous
12-8 : POST /sounds anonymous
12-8 : GET /sounds/list anonymous
12-8 : GET /sounds/list anonymous
12-8 : GET /sounds/list anonymous
12-8 : POST /sounds 1
12-8 : GET /sounds/list anonymous
12-8 : POST /sounds 1
12-8 : GET /sounds/list anonymous
12-8 : POST /sounds 1
12-8 : GET /sounds/list anonymous
12-8 : POST /sounds 1
12-8 : GET /sounds/list anonymous
12-9 : GET /sounds/list anonymous
12-9 : POST /sounds 1
12-9 : GET /sounds/list anonymous
12-10 : GET /sounds/list anonymous
12-11 : GET /sounds/list anonymous
12-11 : DELETE /sounds/ anonymous
12-11 : GET /sounds/list anonymous
12-11 : DELETE /sounds/ anonymous
12-11 : GET /sounds/list anonymous
12-11 : DELETE /sounds/ anonymous
12-11 : GET /sounds/list anonymous
12-11 : DELETE /sounds/ anonymous
12-11 : GET /sounds/list anonymous
12-11 : DELETE /sounds/ anonymous
12-11 : GET /sounds/list anonymous
12-11 : DELETE /sounds/ anonymous
12-11 : GET /sounds/list anonymous
13-17 : GET /sounds/list anonymous
15-31 : GET /sounds/325234542345 1
15-33 : GET /users anonymous
15-41 : GET /users/32434121 anonymous
15-42 : GET /users/32434121 anonymous
15-44 : GET /users/32434121 anonymous
15-44 : GET /users/2 anonymous
15-44 : GET /users/1 anonymous
15-44 : GET /users/2 anonymous
15-45 : GET /users/4 anonymous
15-45 : GET /users/2 anonymous
15-45 : GET /users/3 anonymous
15-45 : GET /users/banane anonymous
15-47 : POST /users/2 anonymous
15-47 : GET /users/2 anonymous
15-48 : POST /users anonymous
15-51 : DELETE /users/42 anonymous
15-51 : GET /users/42 anonymous
16-2 : PATCH /users/1 anonymous
16-2 : PATCH /users/1 anonymous
16-6 : PATCH /users/1 anonymous
16-24 : GET /users/list anonymous
16-28 : GET /users/list anonymous
16-28 : PATCH /users/9 anonymous
16-28 : GET /users/list anonymous
16-28 : PATCH /users/9 anonymous
16-28 : GET /users/list anonymous
16-28 : PATCH /users/9 anonymous
16-28 : GET /users/list anonymous
16-28 : PATCH /users/2 anonymous
16-28 : GET /users/list anonymous
16-28 : PATCH /users/2 anonymous
16-28 : GET /users/list anonymous
16-28 : PATCH /users/2 anonymous
16-28 : GET /users/list anonymous
16-28 : PATCH /users/2 anonymous
16-28 : GET /users/list anonymous
16-28 : PATCH /users/2 anonymous
16-28 : GET /users/list anonymous
16-28 : PATCH /users/2 anonymous
16-28 : GET /users/list anonymous
16-28 : PATCH /users/2 anonymous
16-28 : GET /users/list anonymous
16-28 : PATCH /users/2 anonymous
16-28 : GET /users/list anonymous
16-28 : PATCH /users/2 anonymous
16-28 : GET /users/list anonymous
16-28 : PATCH /users/2 anonymous
16-28 : GET /users/list anonymous
16-28 : PATCH /users/2 anonymous
16-28 : GET /users/list anonymous
16-28 : PATCH /users/2 anonymous
16-28 : GET /users/list anonymous
16-28 : PATCH /users/3 anonymous
16-28 : GET /users/list anonymous
16-28 : PATCH /users/3 anonymous
16-28 : GET /users/list anonymous
16-28 : PATCH /users/3 anonymous
16-28 : GET /users/list anonymous
16-28 : PATCH /users/2 anonymous
16-28 : GET /users/list anonymous
16-28 : PATCH /users/3 anonymous
16-28 : GET /users/list anonymous
16-28 : PATCH /users/3 anonymous
16-28 : GET /users/list anonymous
16-28 : PATCH /users/2 anonymous
16-28 : GET /users/list anonymous
16-28 : PATCH /users/2 anonymous
16-28 : GET /users/list anonymous
16-28 : PATCH /users/3 anonymous
16-28 : GET /users/list anonymous
16-28 : PATCH /users/4 anonymous
16-28 : GET /users/list anonymous
16-28 : PATCH /users/5 anonymous
16-28 : GET /users/list anonymous
16-28 : PATCH /users/2 anonymous
16-28 : GET /users/list anonymous
16-28 : PATCH /users/2 anonymous
16-28 : GET /users/list anonymous
16-28 : PATCH /users/7 anonymous
16-28 : GET /users/list anonymous
16-28 : PATCH /users/6 anonymous
16-28 : GET /users/list anonymous
16-28 : PATCH /users/8 anonymous
16-28 : GET /users/list anonymous
16-28 : PATCH /users/7 anonymous
16-28 : GET /users/list anonymous
16-28 : PATCH /users/3 anonymous
16-28 : GET /users/list anonymous
16-28 : PATCH /users/2 anonymous
16-28 : GET /users/list anonymous
16-28 : PATCH /users/2 anonymous
16-28 : GET /users/list anonymous
16-28 : PATCH /users/2 anonymous
16-28 : GET /users/list anonymous
16-28 : PATCH /users/2 anonymous
16-28 : GET /users/list anonymous
16-28 : PATCH /users/3 anonymous
16-28 : GET /users/list anonymous
16-28 : PATCH /users/5 anonymous
16-28 : GET /users/list anonymous
16-28 : PATCH /users/6 anonymous
16-28 : GET /users/list anonymous
16-28 : PATCH /users/9 anonymous
16-28 : GET /users/list anonymous
