9-42 : OPTIONS /users/1 anonymous
9-42 : OPTIONS /users/1 anonymous
9-42 : OPTIONS /users/1 anonymous
9-42 : OPTIONS /users/1 anonymous
9-43 : OPTIONS /users/1 anonymous
9-43 : OPTIONS /users/1 anonymous
9-44 : GET / anonymous
9-45 : OPTIONS /sounds/1706543270669 anonymous
9-57 : GET / anonymous
9-57 : GET /sounds/list anonymous
9-57 : GET /static/Darude%20Sandstorm%20Shittyflute.mp3 anonymous
9-57 : GET /static/poulette.mp3 anonymous
9-57 : GET /static/kyuukurarin.mp4 anonymous
9-57 : GET /static/maro-jump-sound-effect_1.mp3 anonymous
9-57 : GET /static/ anonymous
9-57 : GET /static/Darude%20Sandstorm%20Shittyflute.mp3 anonymous
9-57 : GET /static/maro-jump-sound-effect_1.mp3 anonymous
9-57 : GET /static/ anonymous
9-57 : GET /static/poulette.mp3 anonymous
9-57 : GET /static/maro-jump-sound-effect_1.mp3 anonymous
9-57 : GET /static/poulette.mp3 anonymous
9-57 : GET /static/maro-jump-sound-effect_1.mp3 anonymous
9-57 : GET /static/poulette.mp3 anonymous
9-57 : GET /static/poulette.mp3 anonymous
9-57 : DELETE /sounds/1706542131993 anonymous
9-57 : GET /sounds/list anonymous
9-57 : GET /static/Darude%20Sandstorm%20Shittyflute.mp3 anonymous
9-57 : GET /static/poulette.mp3 anonymous
9-57 : GET /static/maro-jump-sound-effect_1.mp3 anonymous
9-57 : GET /static/kyuukurarin.mp4 anonymous
9-57 : GET /static/ anonymous
9-57 : GET /static/Darude%20Sandstorm%20Shittyflute.mp3 anonymous
9-57 : GET /static/maro-jump-sound-effect_1.mp3 anonymous
9-57 : GET /static/poulette.mp3 anonymous
9-57 : GET /static/ anonymous
9-57 : GET /static/maro-jump-sound-effect_1.mp3 anonymous
9-57 : GET /static/poulette.mp3 anonymous
9-57 : GET /static/maro-jump-sound-effect_1.mp3 anonymous
9-57 : GET /static/poulette.mp3 anonymous
9-57 : GET /static/poulette.mp3 anonymous
9-57 : DELETE /sounds/1706542131993 anonymous
9-57 : GET /sounds/list anonymous
9-57 : GET /static/kyuukurarin.mp4 anonymous
9-57 : GET /static/ anonymous
9-57 : GET /static/ anonymous
9-58 : OPTIONS /sounds/1706540332997 anonymous
9-58 : OPTIONS /sounds/1706540911570 anonymous
9-58 : OPTIONS /sounds/1706541602528 anonymous
9-59 : OPTIONS /sounds/1706541853663 anonymous
9-59 : OPTIONS /sounds/1706541882862 anonymous
9-59 : OPTIONS /sounds/1706541977438 anonymous
9-59 : OPTIONS /sounds/1706541977439 anonymous
9-59 : OPTIONS /sounds/1706542116911 anonymous
9-59 : OPTIONS /sounds/1706542116911 anonymous
9-59 : OPTIONS /sounds/1706542131993 anonymous
9-59 : OPTIONS /sounds/1706103444601 anonymous
9-59 : OPTIONS /sounds/1706103444601 anonymous
9-59 : OPTIONS /sounds/1706103444601 anonymous
9-59 : OPTIONS /sounds/1706103444601 anonymous
9-59 : OPTIONS /sounds/1706103444601 anonymous
9-59 : OPTIONS /sounds/1706103444601 anonymous
9-59 : OPTIONS /sounds/1706103444601 anonymous
9-59 : OPTIONS /sounds/1706103444601 anonymous
9-59 : OPTIONS /sounds/1706103444601 anonymous
9-59 : OPTIONS /sounds/1706103444601 anonymous
9-59 : OPTIONS /sounds/1706103444601 anonymous
9-59 : OPTIONS /sounds/1706103444601 anonymous
10-0 : OPTIONS /sounds/1706103444601 anonymous
10-0 : OPTIONS /sounds/1706103444601 anonymous
10-0 : OPTIONS /sounds/1706103444601 anonymous
10-0 : OPTIONS /sounds/1706103444601 anonymous
10-0 : OPTIONS /sounds/1706103444601 anonymous
10-0 : OPTIONS /sounds/1706103444601 anonymous
10-0 : OPTIONS /sounds/1706103444601 anonymous
10-0 : OPTIONS /sounds/1706103444601 anonymous
10-0 : OPTIONS /sounds/1706103444601 anonymous
10-0 : OPTIONS /sounds/1706103444601 anonymous
10-1 : OPTIONS /sounds/1706103444601 anonymous
10-2 : OPTIONS /sounds/1706103444601 anonymous
10-2 : OPTIONS /sounds/1706542131993 anonymous
10-2 : DELETE /sounds/1706542116911 anonymous
10-2 : GET /sounds/list anonymous
10-2 : GET /static/Darude%20Sandstorm%20Shittyflute.mp3 anonymous
10-2 : GET /static/poulette.mp3 anonymous
10-2 : GET /static/maro-jump-sound-effect_1.mp3 anonymous
10-2 : GET /static/kyuukurarin.mp4 anonymous
10-2 : GET /static/ anonymous
10-2 : GET /static/Darude%20Sandstorm%20Shittyflute.mp3 anonymous
10-2 : GET /static/maro-jump-sound-effect_1.mp3 anonymous
10-2 : GET /static/poulette.mp3 anonymous
10-2 : GET /static/ anonymous
10-2 : GET /static/maro-jump-sound-effect_1.mp3 anonymous
10-2 : GET /static/poulette.mp3 anonymous
10-2 : GET /static/maro-jump-sound-effect_1.mp3 anonymous
10-2 : DELETE /sounds/1706542116911 anonymous
10-2 : GET /sounds/list anonymous
10-2 : GET /static/ anonymous
10-2 : GET /static/kyuukurarin.mp4 anonymous
10-2 : GET /static/poulette.mp3 anonymous
10-2 : GET /static/ anonymous
10-2 : GET /static/poulette.mp3 anonymous
10-2 : GET /static/poulette.mp3 anonymous
10-2 : DELETE /sounds/1706103444601 anonymous
10-2 : GET /sounds/list anonymous
10-2 : GET /static/ anonymous
10-2 : GET /static/poulette.mp3 anonymous
10-2 : GET /static/kyuukurarin.mp4 anonymous
10-2 : GET /static/ anonymous
10-2 : GET /static/poulette.mp3 anonymous
10-2 : GET /static/poulette.mp3 anonymous
10-3 : OPTIONS /sounds/1706540332997 anonymous
10-4 : OPTIONS /sounds/1706540332997 anonymous
10-4 : OPTIONS /sounds/1706541977439 anonymous
10-4 : OPTIONS /sounds/1706542116911 anonymous
10-5 : OPTIONS /sounds/1706605541584 anonymous
10-5 : OPTIONS /sounds/1706605541584 anonymous
10-5 : OPTIONS /sounds/1706605541584 anonymous
10-5 : OPTIONS /sounds/1706605541584 anonymous
10-5 : OPTIONS /sounds/1706605541584 anonymous
10-5 : OPTIONS /sounds/1706605541584 anonymous
10-5 : OPTIONS /sounds/1706605541584 anonymous
10-5 : OPTIONS /sounds/1706605541584 anonymous
10-5 : OPTIONS /sounds/1706605541584 anonymous
10-5 : OPTIONS /sounds/1706605541584 anonymous
10-5 : OPTIONS /sounds/1706605541584 anonymous
10-5 : OPTIONS /sounds/1706605541584 anonymous
10-5 : OPTIONS /sounds/1706605541584 anonymous
10-5 : OPTIONS /sounds/1706605541584 anonymous
10-5 : OPTIONS /sounds/1706605541584 anonymous
10-5 : OPTIONS /sounds/1706605541584 anonymous
10-5 : OPTIONS /sounds/1706605541584 anonymous
10-5 : OPTIONS /sounds/1706605541584 anonymous
10-5 : OPTIONS /sounds/1706605541584 anonymous
10-12 : GET /sounds/list anonymous
10-12 : GET /static/Darude%20Sandstorm%20Shittyflute.mp3 anonymous
10-12 : GET /static/kyuukurarin.mp4 anonymous
10-12 : GET /static/poulette.mp3 anonymous
10-12 : GET /static/ anonymous
10-12 : GET /static/maro-jump-sound-effect_1.mp3 anonymous
10-12 : GET /static/poulette.mp3 anonymous
10-12 : GET /static/ anonymous
10-12 : GET /static/maro-jump-sound-effect_1.mp3 anonymous
10-12 : GET /static/poulette.mp3 anonymous
10-12 : GET /static/maro-jump-sound-effect_1.mp3 anonymous
10-13 : POST /sounds/ anonymous
10-13 : GET /sounds/list anonymous
10-13 : GET /static/Darude%20Sandstorm%20Shittyflute.mp3 anonymous
10-13 : GET /static/kyuukurarin.mp4 anonymous
10-13 : GET /static/poulette.mp3 anonymous
10-13 : GET /static/ anonymous
10-13 : GET /static/maro-jump-sound-effect_1.mp3 anonymous
10-13 : GET /static/poulette.mp3 anonymous
10-13 : GET /static/ anonymous
10-13 : GET /static/maro-jump-sound-effect_1.mp3 anonymous
10-13 : GET /static/poulette.mp3 anonymous
10-13 : GET /static/maro-jump-sound-effect_1.mp3 anonymous
10-13 : GET /static/poulette.mp3 anonymous
10-13 : GET /sounds/list anonymous
10-13 : GET /static/Darude%20Sandstorm%20Shittyflute.mp3 anonymous
10-13 : GET /static/poulette.mp3 anonymous
10-13 : GET /static/kyuukurarin.mp4 anonymous
10-13 : GET /static/ anonymous
10-13 : GET /static/maro-jump-sound-effect_1.mp3 anonymous
10-13 : GET /static/poulette.mp3 anonymous
10-13 : GET /static/ anonymous
10-13 : GET /static/maro-jump-sound-effect_1.mp3 anonymous
10-13 : GET /static/poulette.mp3 anonymous
10-13 : GET /static/maro-jump-sound-effect_1.mp3 anonymous
10-13 : GET /static/poulette.mp3 anonymous
10-13 : DELETE /sounds/1706605987110 anonymous
10-14 : GET /sounds/list anonymous
10-14 : GET /static/Darude%20Sandstorm%20Shittyflute.mp3 anonymous
10-14 : GET /static/kyuukurarin.mp4 anonymous
10-14 : GET /static/poulette.mp3 anonymous
10-14 : GET /static/ anonymous
10-14 : GET /static/maro-jump-sound-effect_1.mp3 anonymous
10-14 : GET /static/poulette.mp3 anonymous
10-14 : GET /static/ anonymous
10-14 : GET /static/maro-jump-sound-effect_1.mp3 anonymous
10-14 : GET /static/poulette.mp3 anonymous
10-14 : GET /static/maro-jump-sound-effect_1.mp3 anonymous
10-14 : POST /sounds/ anonymous
10-14 : GET /sounds/list anonymous
10-14 : GET /static/Darude%20Sandstorm%20Shittyflute.mp3 anonymous
10-14 : GET /static/kyuukurarin.mp4 anonymous
10-14 : GET /static/poulette.mp3 anonymous
10-14 : GET /static/maro-jump-sound-effect_1.mp3 anonymous
10-14 : GET /static/ anonymous
10-14 : GET /static/poulette.mp3 anonymous
10-14 : GET /static/maro-jump-sound-effect_1.mp3 anonymous
10-14 : GET /static/poulette.mp3-1706606087286 anonymous
10-14 : GET /static/ anonymous
10-14 : GET /static/maro-jump-sound-effect_1.mp3 anonymous
10-14 : GET /static/poulette.mp3 anonymous
10-14 : DELETE /sounds/1706606087292 anonymous
10-14 : GET /sounds/list anonymous
10-14 : GET /static/Darude%20Sandstorm%20Shittyflute.mp3 anonymous
10-14 : GET /static/kyuukurarin.mp4 anonymous
10-14 : GET /static/poulette.mp3 anonymous
10-14 : GET /static/ anonymous
10-14 : GET /static/maro-jump-sound-effect_1.mp3 anonymous
10-14 : GET /static/ anonymous
10-14 : GET /static/poulette.mp3 anonymous
10-14 : GET /static/maro-jump-sound-effect_1.mp3 anonymous
10-14 : GET /static/poulette.mp3 anonymous
10-14 : GET /static/maro-jump-sound-effect_1.mp3 anonymous
10-19 : POST /sounds/ anonymous
10-19 : GET /sounds/list anonymous
10-19 : GET /static/Darude%20Sandstorm%20Shittyflute.mp3 anonymous
10-19 : GET /static/kyuukurarin.mp4 anonymous
10-19 : GET /static/poulette.mp3 anonymous
10-19 : GET /static/maro-jump-sound-effect_1.mp3 anonymous
10-19 : GET /static/ anonymous
10-19 : GET /static/poulette.mp3 anonymous
10-19 : GET /static/maro-jump-sound-effect_1.mp3 anonymous
10-19 : GET /static/maro-jump-sound-effect_1-1706606384415.mp3 anonymous
10-19 : GET /static/ anonymous
10-19 : GET /static/poulette.mp3 anonymous
10-19 : GET /static/maro-jump-sound-effect_1.mp3 anonymous
10-19 : GET /sounds/list anonymous
10-19 : GET /static/Darude%20Sandstorm%20Shittyflute.mp3 anonymous
10-19 : GET /static/poulette.mp3 anonymous
10-19 : GET /static/kyuukurarin.mp4 anonymous
10-19 : GET /static/maro-jump-sound-effect_1.mp3 anonymous
10-19 : GET /static/ anonymous
10-19 : GET /static/poulette.mp3 anonymous
10-19 : GET /static/ anonymous
10-19 : GET /static/maro-jump-sound-effect_1.mp3 anonymous
10-19 : GET /static/poulette.mp3 anonymous
10-19 : GET /static/maro-jump-sound-effect_1.mp3 anonymous
10-19 : GET /sounds/list anonymous
10-19 : GET /static/Darude%20Sandstorm%20Shittyflute.mp3 anonymous
10-19 : GET /static/kyuukurarin.mp4 anonymous
10-19 : GET /static/ anonymous
10-19 : GET /static/poulette.mp3 anonymous
10-19 : GET /static/maro-jump-sound-effect_1.mp3 anonymous
10-19 : GET /static/poulette.mp3 anonymous
10-19 : GET /static/ anonymous
10-19 : GET /static/maro-jump-sound-effect_1.mp3 anonymous
10-19 : GET /static/poulette.mp3 anonymous
10-19 : GET /static/maro-jump-sound-effect_1.mp3 anonymous
10-19 : DELETE /sounds/1706606384421 anonymous
10-19 : GET /sounds/list anonymous
10-19 : GET /static/Darude%20Sandstorm%20Shittyflute.mp3 anonymous
10-19 : GET /static/kyuukurarin.mp4 anonymous
10-19 : GET /static/poulette.mp3 anonymous
10-19 : GET /static/maro-jump-sound-effect_1.mp3 anonymous
10-19 : GET /static/ anonymous
10-19 : GET /static/poulette.mp3 anonymous
10-19 : GET /static/ anonymous
10-19 : GET /static/maro-jump-sound-effect_1.mp3 anonymous
10-19 : GET /static/poulette.mp3 anonymous
10-19 : GET /static/maro-jump-sound-effect_1.mp3 anonymous
