14-3 : GET /sound/list anonymous
14-3 : GET /favicon.ico anonymous
14-3 : GET /sounds/list anonymous
14-3 : GET /sounds/list anonymous
14-3 : GET /sounds/list anonymous
14-3 : GET /sounds/list anonymous
14-6 : GET /sounds/list anonymous
14-20 : GET /sounds/list anonymous
14-20 : GET /sounds/list anonymous
14-21 : POST / anonymous
14-22 : GET /sounds/list anonymous
14-22 : POST /sounds/ anonymous
14-23 : GET /sounds/list anonymous
14-24 : POST /sounds anonymous
14-25 : POST /sounds anonymous
14-26 : POST /sounds anonymous
14-26 : POST /sounds anonymous
14-27 : POST /sounds anonymous
14-28 : POST /sounds/upload anonymous
14-29 : POST /sounds/upload anonymous
14-29 : POST /sounds anonymous
14-30 : POST /sounds anonymous
14-31 : POST /sounds anonymous
14-31 : POST /sounds anonymous
14-33 : POST /sounds anonymous
14-34 : GET /sounds/list anonymous
14-35 : POST /sounds/ anonymous
14-35 : POST /sounds anonymous
14-35 : POST /sounds anonymous
14-35 : GET /sounds/list anonymous
14-35 : POST /sounds/ anonymous
14-36 : POST /sounds/ anonymous
14-36 : GET /sounds/list anonymous
14-37 : GET /sounds/list anonymous
14-37 : DELETE /sounds/1706103355583 anonymous
14-37 : GET /sounds/list anonymous
14-37 : DELETE /sounds/1706103418731 anonymous
14-37 : GET /sounds/list anonymous
14-37 : POST /sounds/ anonymous
14-37 : GET /sounds/list anonymous
14-37 : DELETE /sounds/1706103013865 anonymous
14-37 : GET /sounds/list anonymous
14-38 : DELETE /sounds/1 anonymous
14-38 : GET /sounds/list anonymous
14-38 : DELETE /sounds/4 anonymous
14-38 : GET /sounds/list anonymous
14-38 : DELETE /sounds/5 anonymous
14-38 : GET /sounds/list anonymous
14-40 : GET /sounds/list anonymous
14-40 : GET /static/STAR_WARS_THEME_-_shitty_flute_version.mp3 anonymous
14-41 : GET /favicon.ico anonymous
14-41 : GET /static/STAR_WARS_THEME_-_shitty_flute_version.mp3 anonymous
14-46 : GET /sounds/list anonymous
14-46 : GET /static/STAR_WARS_THEME_-_shitty_flute_version.mp3 anonymous
14-46 : GET /sounds/1706103444601 anonymous
14-47 : GET /sounds/list anonymous
14-47 : GET /static/STAR_WARS_THEME_-_shitty_flute_version.mp3 anonymous
14-47 : GET /sounds/list anonymous
14-47 : GET /static/STAR_WARS_THEME_-_shitty_flute_version.mp3 anonymous
14-47 : GET /static/STAR_WARS_THEME_-_shitty_flute_version.mp3 anonymous
14-47 : GET /sounds/1706103444601 anonymous
14-50 : GET /sounds/list anonymous
14-50 : GET /static/STAR_WARS_THEME_-_shitty_flute_version.mp3 anonymous
14-50 : GET /sounds/1706103444601 anonymous
14-50 : GET /sounds/list anonymous
14-50 : GET /static/STAR_WARS_THEME_-_shitty_flute_version.mp3 anonymous
14-50 : GET /sounds/list anonymous
14-50 : GET /static/STAR_WARS_THEME_-_shitty_flute_version.mp3 anonymous
14-50 : GET /sounds/list anonymous
14-50 : GET /static/STAR_WARS_THEME_-_shitty_flute_version.mp3 anonymous
14-50 : GET /sounds/list anonymous
14-50 : GET /static/STAR_WARS_THEME_-_shitty_flute_version.mp3 anonymous
14-50 : POST /sounds/1706103444601 anonymous
14-50 : GET /sounds/list anonymous
14-50 : GET /static/ anonymous
14-50 : POST /sounds/1706103444601 anonymous
14-50 : GET /sounds/list anonymous
14-50 : GET /static/ anonymous
14-51 : GET /sounds/list anonymous
14-51 : GET /static/ anonymous
14-51 : POST /sounds/1706103444601 anonymous
14-51 : GET /sounds/list anonymous
14-51 : GET /static/ anonymous
14-52 : POST /sounds/1706103444601 anonymous
14-52 : GET /sounds/list anonymous
14-52 : GET /static/ anonymous
14-52 : GET /sounds/list anonymous
14-52 : GET /static/ anonymous
14-52 : POST /sounds/1706103444601 anonymous
14-52 : GET /sounds/list anonymous
14-52 : GET /static/ anonymous
14-53 : GET /sounds/list anonymous
14-53 : GET /static/ anonymous
14-53 : POST /sounds/1706103444601 anonymous
14-53 : GET /sounds/list anonymous
14-53 : GET /static/ anonymous
14-54 : POST /sounds/1706103444601 anonymous
14-54 : GET /sounds/list anonymous
14-54 : GET /static/ anonymous
14-55 : POST /sounds/1706103444601 anonymous
14-55 : GET /sounds/list anonymous
14-55 : GET /static/ anonymous
14-56 : GET /sounds/list anonymous
14-56 : GET /static/ anonymous
14-56 : POST /sounds/1706103444601 anonymous
14-56 : GET /sounds/list anonymous
14-56 : GET /static/Darude%20Sandstorm%20Shittyflute.mp3 anonymous
14-56 : GET /favicon.ico anonymous
14-56 : GET /static/Darude%20Sandstorm%20Shittyflute.mp3 anonymous
14-59 : POST /sounds/ anonymous
14-59 : GET /sounds/list anonymous
14-59 : GET /static/Darude%20Sandstorm%20Shittyflute.mp3 anonymous
14-59 : GET /static/Darude%20Sandstorm%20Shittyflute.mp3 anonymous
15-3 : POST /sounds/1706104740075 anonymous
15-3 : GET /sounds/list anonymous
15-3 : GET /static/Darude%20Sandstorm%20Shittyflute.mp3 anonymous
15-3 : GET /static/Darude%20Sandstorm%20Shittyflute.mp3 anonymous
